5150
s02 0
s0jj 1
s14t 2
s2tt 3
s2yj 4
s3lt 5
s47x 6
s55j 7
s59 8
s6aj 9
s6r 10
s70x 11
s8yt 12
s98 13
s9uj 14
sahj 15
sai 16
sbet 17
scox 18
sd0 19
sdrj 20
sexx 21
sf3 22
sfgj 23
sght 24
shvt 25
sikt 26
sjqt 27
sk4j 28
sks 29
sl9x 30
sm8x 31
sno 32
snwj 33
so2x 34
spat 35
sqpt 36
srlj 37
srm 38
ssfx 39
st 40
stsx 41
su1t 42
svbx 43
swmx 44
sxej 45
sxu 46
sydx 47
syx 48
szgt 49
c0bx 50
c1lt 51
c2r 52
c30 53
c3rj 54
c4yt 55
c5jj 56
c7xx 57
c8at 58
c9o 59
ca8x 60
cb4j 61
ccvt 62
cdx 63
cekt 64
cfi 65
cg8 66
cguj 67
chtt 68
ci3 69
cjej 70
cju 71
cklj 72
cl2x 73
cmox 74
copt 75
cp9 76
cqqt 77
csgt 78
ctmx 79
cuet 80
cwnt 81
cx 82
cxsx 83
cyfx 84
czht 85
s00 86
s00t 87
s01 88
s02j 89
s02x 90
s03t 91
s04 92
s04t 93
s05 94
s06 95
s06t 96
s07 97
s07t 98
s08 99
s08t 0
s09j 1
s0at 2
s0b 3
s0bt 4
s0ct 5
s0dt 6
s0e 7
s0et 8
s0ft 9
s0g 10
s0gt 11
s0ht 12
s0i 13
s0it 14
s0j 15
s0jx 16
s0kj 17
s0l 18
s0lt 19
s0mt 20
s0n 21
s0nt 22
s0o 23
s0ot 24
s0p 25
s0pt 26
s0q 27
s0qt 28
s0r 29
s0rt 30
s0st 31
s0t 32
s0tt 33
s0u 34
s0ut 35
s0v 36
s0vt 37
s0wt 38
s0x 39
s0xt 40
s0yt 41
s0z 42
s0zt 43
s1 44
s10j 45
s11 46
s12j 47
s12x 48
s13t 49
s14 50
s14x 51
s15t 52
s16 53
s16t 54
s17 55
s17t 56
s18 57
s18t 58
s19 59
s19t 60
s1at 61
s1b 62
s1bt 63
s1ct 64
s1dt 65
s1e 66
s1et 67
s1ft 68
s1g 69
s1gt 70
s1ht 71
s1i 72
s1it 73
s1j 74
s1jt 75
s1k 76
s1kt 77
s1l 78
s1lx 79
s1mt 80
s1n 81
s1nt 82
s1o 83
s1ot 84
s1p 85
s1pt 86
s1q 87
s1qt 88
s1r 89
s1rt 90
s1st 91
s1t 92
s1tt 93
s1u 94
s1ut 95
s1v 96
s1vt 97
s1wt 98
s1x 99
s1xt 0
s1yt 1
s1z 2
s1zt 3
s2 4
s20j 5
s20x 6
s21t 7
s22 8
s22t 9
s23t 10
s24 11
s24t 12
s25 13
s25t 14
s26 15
s26t 16
s27 17
s27t 18
s28 19
s28t 20
s29 21
s29t 22
s2at 23
s2b 24
s2bt 25
s2ct 26
s2dt 27
s2e 28
s2et 29
s2ft 30
s2g 31
s2gt 32
s2hj 33
s2hx 34
s2it 35
s2j 36
s2jt 37
s2k 38
s2kt 39
s2l 40
s2lt 41
s2mt 42
s2n 43
s2nt 44
s2o 45
s2ot 46
s2p 47
s2pt 48
s2q 49
s2qt 50
s2rj 51
s2s 52
s2st 53
s2t 54
s2u 55
s2ut 56
s2v 57
s2vx 58
s2wt 59
s2x 60
s2xt 61
s2yt 62
s2z 63
s2zt 64
s3 65
s30t 66
s31 67
s32j 68
s32x 69
s33t 70
s34 71
s34x 72
s35t 73
s36 74
s36t 75
s37 76
s37t 77
s38 78
s38t 79
s39 80
s39t 81
s3at 82
s3b 83
s3bt 84
s3ct 85
s3dt 86
s3e 87
s3et 88
s3ft 89
s3g 90
s3gt 91
s3ht 92
s3i 93
s3it 94
s3j 95
s3jt 96
s3k 97
s3kt 98
s3l 99
s3lx 0
s3mt 1
s3n 2
s3nt 3
s3o 4
s3ot 5
s3p 6
s3pt 7
s3q 8
s3qt 9
s3r 10
s3st 11
s3t 12
s3tt 13
s3u 14
s3ut 15
s3v 16
s3vt 17
s3wt 18
s3x 19
s3xt 20
s3yt 21
s3z 22
s3zt 23
s4 24
s40j 25
s41 26
s42j 27
s42x 28
s43t 29
s44 30
s44t 31
s45 32
s45t 33
s46 34
s46t 35
s47 36
s47t 37
s48t 38
s49 39
s49t 40
s4at 41
s4b 42
s4bt 43
s4ct 44
s4dt 45
s4e 46
s4et 47
s4ft 48
s4g 49
s4gt 50
s4ht 51
s4i 52
s4it 53
s4j 54
s4jt 55
s4k 56
s4kt 57
s4l 58
s4lt 59
s4mt 60
s4n 61
s4nt 62
s4oj 63
s4ox 64
s4pt 65
s4q 66
s4qt 67
s4r 68
s4rt 69
s4st 70
s4t 71
s4tt 72
s4u 73
s4ut 74
s4v 75
s4vt 76
s4wt 77
s4x 78
s4xt 79
s4yx 80
s4zt 81
s5 82
s50j 83
s51 84
s52j 85
s52x 86
s53t 87
s54 88
s54t 89
s55 90
s56 91
s56t 92
s57 93
s57t 94
s58 95
s58t 96
s59j 97
s5ax 98
s5bj 99
s5bx 0
s5ct 1
s5dt 2
s5e 3
s5et 4
s5ft 5
s5g 6
s5gt 7
s5ht 8
s5i 9
s5it 10
s5j 11
s5jx 12
s5kj 13
s5l 14
s5lt 15
s5mt 16
s5n 17
s5nt 18
s5o 19
s5ot 20
s5p 21
s5pt 22
s5q 23
s5qt 24
s5r 25
s5rt 26
s5st 27
s5t 28
s5tt 29
s5u 30
s5ut 31
s5v 32
s5vt 33
s5wt 34
s5x 35
s5xt 36
s5yt 37
s5z 38
s5zt 39
s6 40
s60j 41
s60x 42
s61t 43
s62 44
s62t 45
s63t 46
s64 47
s64t 48
s65 49
s65t 50
s66 51
s66t 52
s67 53
s67t 54
s68 55
s68t 56
s69 57
s69t 58
s6at 59
s6b 60
s6bt 61
s6ct 62
s6dt 63
s6e 64
s6et 65
s6ft 66
s6g 67
s6gt 68
s6hj 69
s6hx 70
s6it 71
s6j 72
s6jt 73
s6k 74
s6kt 75
s6l 76
s6lt 77
s6mt 78
s6n 79
s6nt 80
s6o 81
s6ot 82
s6p 83
s6pt 84
s6q 85
s6qt 86
s6rj 87
s6s 88
s6st 89
s6t 90
s6u 91
s6ut 92
s6v 93
s6vt 94
s6wt 95
s6x 96
s6xt 97
s6yt 98
s6z 99
s6zt 0
s7 1
s70j 2
s71 3
s72 4
s72t 5
s73 6
s73t 7
s74 8
s74t 9
s75 10
s75t 11
s76 12
s76t 13
s77 14
s77t 15
s78 16
s78t 17
s79 18
s79t 19
s7at 20
s7b 21
s7bt 22
s7ct 23
s7dt 24
s7e 25
s7et 26
s7ft 27
s7g 28
s7gt 29
s7ht 30
s7i 31
s7it 32
s7j 33
s7jt 34
s7k 35
s7kt 36
s7l 37
s7lx 38
s7mt 39
s7n 40
s7nt 41
s7o 42
s7ot 43
s7p 44
s7pt 45
s7q 46
s7qt 47
s7r 48
s7rt 49
s7s 50
s7st 51
s7t 52
s7tt 53
s7u 54
s7ut 55
s7v 56
s7vt 57
s7wt 58
s7x 59
s7xt 60
s7yt 61
s7z 62
s7zt 63
s8 64
s80j 65
s81 66
s82j 67
s82x 68
s83t 69
s84 70
s84t 71
s85 72
s85t 73
s86 74
s86t 75
s87 76
s87t 77
s88t 78
s89 79
s89t 80
s8ax 81
s8bj 82
s8bx 83
s8ct 84
s8dt 85
s8e 86
s8et 87
s8ft 88
s8g 89
s8gt 90
s8ht 91
s8i 92
s8it 93
s8j 94
s8jt 95
s8k 96
s8kt 97
s8l 98
s8lt 99
s8mt 0
s8n 1
s8nt 2
s8o 3
s8ot 4
s8p 5
s8pt 6
s8q 7
s8qt 8
s8r 9
s8rt 10
s8st 11
s8t 12
s8tt 13
s8u 14
s8ut 15
s8v 16
s8vt 17
s8wt 18
s8x 19
s8xt 20
s8yx 21
s8zt 22
s9 23
s90j 24
s91 25
s92j 26
s92x 27
s93t 28
s94 29
s94t 30
s95 31
s95t 32
s96 33
s96t 34
s97 35
s97t 36
s98t 37
s99 38
s99t 39
s9at 40
s9b 41
s9bt 42
s9ct 43
s9dt 44
s9e 45
s9et 46
s9ft 47
s9g 48
s9gt 49
s9hx 50
s9it 51
s9j 52
s9jt 53
s9k 54
s9kt 55
s9l 56
s9lt 57
s9mt 58
s9n 59
s9nt 60
s9oj 61
s9ox 62
s9pt 63
s9q 64
s9qt 65
s9r 66
s9rt 67
s9st 68
s9t 69
s9tt 70
s9u 71
s9ux 72
s9vj 73
s9vx 74
s9x 75
s9xt 76
s9yt 77
s9z 78
s9zt 79
sa 80
sa0j 81
sa0x 82
sa1t 83
sa2 84
sa2t 85
sa3t 86
sa4 87
sa4t 88
sa5 89
sa5t 90
sa6 91
sa6t 92
sa7 93
sa7t 94
sa8 95
sa8t 96
sa9j 97
saat 98
sab 99
sabt 0
sact 1
sadt 2
sae 3
saet 4
saft 5
sag 6
saht 7
sait 8
saj 9
sajt 10
sak 11
sakt 12
sal 13
salt 14
samt 15
san 16
sant 17
sao 18
saot 19
sap 20
sapt 21
saq 22
saqt 23
sar 24
sart 25
sas 26
sast 27
sat 28
satt 29
sau 30
saut 31
sav 32
savt 33
sawt 34
sax 35
saxt 36
sayt 37
saz 38
sazt 39
sb 40
sb0j 41
sb1 42
sb2 43
sb2t 44
sb3 45
sb3t 46
sb4 47
sb4x 48
sb5j 49
sb6 50
sb6t 51
sb7 52
sb7t 53
sb8 54
sb8t 55
sb9 56
sb9t 57
sbat 58
sbb 59
sbbt 60
sbct 61
sbdt 62
sbe 63
sbex 64
sbft 65
sbg 66
sbgt 67
sbht 68
sbi 69
sbit 70
sbj 71
sbjt 72
sbk 73
sbkt 74
sbl 75
sblt 76
sbmt 77
sbn 78
sbnt 79
sbo 80
sbot 81
sbp 82
sbpt 83
sbq 84
sbqt 85
sbr 86
sbrt 87
sbst 88
sbt 89
sbtt 90
sbu 91
sbut 92
sbv 93
sbvt 94
sbwt 95
sbx 96
sbxt 97
sbyt 98
sbz 99
sbzt 0
sc 1
sc0j 2
sc0x 3
sc1t 4
sc2 5
sc2t 6
sc3t 7
sc4 8
sc4t 9
sc5 10
sc5t 11
sc6 12
sc6t 13
sc7 14
sc7t 15
sc8 16
sc8t 17
sc9j 18
scat 19
scb 20
scbt 21
scct 22
scdt 23
sce 24
scet 25
scft 26
scg 27
scgt 28
schj 29
schx 30
scit 31
scj 32
scjt 33
sck 34
sckt 35
scl 36
sclt 37
scmt 38
scn 39
scnt 40
sco 41
scot 42
scpt 43
scq 44
scqt 45
scr 46
scrt 47
scs 48
scst 49
sct 50
sctt 51
scu 52
scut 53
scv 54
scvx 55
scwt 56
scx 57
scxt 58
scyt 59
scz 60
sczt 61
sd 62
sd0t 63
sd1 64
sd2j 65
sd2x 66
sd3t 67
sd4 68
sd4t 69
sd5 70
sd5t 71
sd6 72
sd6t 73
sd7 74
sd7t 75
sd8 76
sd8t 77
sd9 78
sd9t 79
sdat 80
sdb 81
sdbt 82
sdct 83
sddt 84
sdej 85
sdex 86
sdft 87
sdg 88
sdgt 89
sdht 90
sdi 91
sdit 92
sdj 93
sdjt 94
sdk 95
sdkt 96
sdl 97
sdlx 98
sdmt 99
sdn 0
sdnt 1
sdo 2
sdot 3
sdp 4
sdpt 5
sdq 6
sdqt 7
sdr 8
sdst 9
sdt 10
sdtt 11
sdu 12
sdut 13
sdv 14
sdvt 15
sdwt 16
sdxt 17
sdyt 18
sdz 19
sdzt 20
se 21
se0j 22
se1 23
se2 24
se2t 25
se3 26
se3t 27
se4 28
se4t 29
se5 30
se5t 31
se6 32
se6t 33
se7 34
se7t 35
se8 36
se8t 37
se9 38
se9t 39
seat 40
seb 41
sebt 42
sect 43
sedt 44
see 45
seet 46
seft 47
seg 48
segt 49
seht 50
sei 51
seit 52
sej 53
sejt 54
sek 55
sel 56
selt 57
semt 58
sen 59
sent 60
seo 61
seot 62
sep 63
sept 64
seq 65
seqt 66
ser 67
sert 68
ses 69
sest 70
set 71
sett 72
seu 73
seut 74
sev 75
sevt 76
sewt 77
sex 78
sext 79
seyt 80
sez 81
sezt 82
sf 83
sf0j 84
sf0x 85
sf1t 86
sf2 87
sf2t 88
sf3t 89
sf4 90
sf4t 91
sf5 92
sf5t 93
sf6 94
sf6t 95
sf7 96
sf7t 97
sf8 98
sf8t 99
sf9 0
sf9t 1
sfat 2
sfb 3
sfbt 4
sfct 5
sfdt 6
sfe 7
sfet 8
sfft 9
sfg 10
sfht 11
sfit 12
sfj 13
sfjt 14
sfk 15
sfl 16
sflt 17
sfmt 18
sfn 19
sfnt 20
sfo 21
sfot 22
sfp 23
sfpt 24
sfq 25
sfqt 26
sfr 27
sfrt 28
sfs 29
sfst 30
sft 31
sftt 32
sfu 33
sfut 34
sfv 35
sfvt 36
sfwt 37
sfx 38
sfxt 39
sfyt 40
sfz 41
sfzt 42
sg 43
sg0j 44
sg1 45
sg2j 46
sg2x 47
sg3t 48
sg4 49
sg4t 50
sg5 51
sg5t 52
sg6 53
sg6t 54
sg7 55
sg7t 56
sg8t 57
sg9 58
sg9t 59
sgat 60
sgb 61
sgbt 62
sgct 63
sgdt 64
sge 65
sget 66
sgft 67
sgg 68
sghx 69
sgit 70
sgj 71
sgjt 72
sgk 73
sgkt 74
sgl 75
sglt 76
sgmt 77
sgn 78
sgnt 79
sgo 80
sgot 81
sgp 82
sgpt 83
sgq 84
sgqt 85
sgr 86
sgrt 87
sgst 88
sgt 89
sgtt 90
sgu 91
sgux 92
sgvj 93
sgvx 94
sgwt 95
sgx 96
sgxt 97
sgyt 98
sgz 99
sgzt 0
sh 1
sh0j 2
sh0x 3
sh1t 4
sh2 5
sh2t 6
sh3t 7
sh4 8
sh4t 9
sh5 10
sh5t 11
sh6 12
sh6t 13
sh7 14
sh7t 15
sh8 16
sh8t 17
sh9 18
sh9t 19
shat 20
shb 21
shbt 22
shct 23
shdt 24
she 25
shet 26
shft 27
shg 28
shgt 29
shhj 30
shhx 31
shit 32
shj 33
shjt 34
shk 35
shkt 36
shl 37
shlt 38
shmt 39
shn 40
shnt 41
sho 42
shot 43
shpt 44
shq 45
shqt 46
shr 47
shrt 48
shs 49
shst 50
sht 51
shu 52
shut 53
shv 54
shvx 55
shwt 56
shx 57
shxt 58
shyt 59
shz 60
shzt 61
si 62
si0j 63
si0x 64
si1t 65
si2 66
si2t 67
si3t 68
si4 69
si4t 70
si5 71
si5t 72
si6 73
si6t 74
si7 75
si7t 76
si8 77
si8t 78
si9 79
si9t 80
siat 81
sib 82
sibt 83
sict 84
sidt 85
sie 86
siet 87
sift 88
sig 89
siht 90
sii 91
siit 92
sij 93
sijt 94
sik 95
sil 96
silt 97
simt 98
sin 99
sint 0
sio 1
siot 2
sip 3
sipt 4
siq 5
siqt 6
sir 7
sirt 8
sis 9
sist 10
sit 11
sitt 12
siu 13
siut 14
siv 15
sivt 16
siwt 17
six 18
sixt 19
siyt 20
siz 21
sizt 22
sj 23
sj0j 24
sj0x 25
sj1t 26
sj2 27
sj2t 28
sj3t 29
sj4 30
sj4t 31
sj5 32
sj5t 33
sj6 34
sj6t 35
sj7 36
sj7t 37
sj8 38
sj8t 39
sj9 40
sj9t 41
sjat 42
sjb 43
sjbt 44
sjct 45
sjdt 46
sje 47
sjex 48
sjft 49
sjg 50
sjgt 51
sjhj 52
sjhx 53
sjit 54
sjj 55
sjjt 56
sjk 57
sjkt 58
sjl 59
sjlt 60
sjmt 61
sjn 62
sjnt 63
sjo 64
sjot 65
sjp 66
sjq 67
sjqx 68
sjrj 69
sjs 70
sjst 71
sjt 72
sjtt 73
sjuj 74
sjux 75
sjvj 76
sjvx 77
sjwt 78
sjx 79
sjxt 80
sjyt 81
sjz 82
sjzt 83
sk 84
sk0j 85
sk1 86
sk2 87
sk2t 88
sk3 89
sk3t 90
sk4 91
sk4x 92
sk5j 93
sk6 94
sk6t 95
sk7 96
sk7t 97
sk8 98
sk8t 99
sk9 0
sk9t 1
skat 2
skb 3
skbt 4
skct 5
skdt 6
ske 7
skex 8
skft 9
skg 10
skgt 11
skht 12
ski 13
skit 14
skj 15
skjt 16
skk 17
skkt 18
skl 19
sklx 20
skmt 21
skn 22
sknt 23
sko 24
skot 25
skp 26
skpt 27
skq 28
skqt 29
skr 30
skrt 31
skst 32
skt 33
sktt 34
sku 35
skut 36
skv 37
skvt 38
skwt 39
skx 40
skxt 41
skyt 42
skz 43
skzt 44
sl 45
sl0j 46
sl0x 47
sl1t 48
sl2 49
sl2t 50
sl3t 51
sl4 52
sl4t 53
sl5 54
sl5t 55
sl6 56
sl6t 57
sl7 58
sl7t 59
sl8 60
sl8t 61
sl9 62
sl9t 63
slat 64
slb 65
slbt 66
slct 67
sldt 68
sle 69
slet 70
slft 71
slg 72
slgt 73
slhj 74
slhx 75
slit 76
slj 77
sljt 78
slk 79
slkt 80
sll 81
sllt 82
slmt 83
sln 84
slnt 85
slo 86
slot 87
slp 88
slpt 89
slq 90
slqt 91
slrj 92
sls 93
slst 94
slt 95
sltt 96
slu 97
slut 98
slv 99
slvt 0
slwt 1
slx 2
slxt 3
slyt 4
slz 5
slzt 6
sm 7
sm0j 8
sm0x 9
sm1t 10
sm2 11
sm2t 12
sm3t 13
sm4 14
sm4t 15
sm5 16
sm5t 17
sm6 18
sm6t 19
sm7 20
sm7t 21
sm8 22
sm8t 23
sm9j 24
smat 25
smb 26
smbt 27
smct 28
smdt 29
sme 30
smet 31
smft 32
smg 33
smgt 34
smht 35
smit 36
smj 37
smjt 38
smk 39
smkt 40
sml 41
smlt 42
smmt 43
smn 44
smnt 45
smo 46
smot 47
smpt 48
smq 49
smqt 50
smr 51
smrt 52
sms 53
smst 54
smt 55
smtt 56
smu 57
smut 58
smv 59
smvt 60
smwt 61
smx 62
smxt 63
smyt 64
smz 65
smzt 66
sn 67
sn0j 68
sn1 69
sn2j 70
sn2x 71
sn3t 72
sn4 73
sn4t 74
sn5 75
sn5t 76
sn6 77
sn6t 78
sn7 79
sn7t 80
sn8t 81
sn9 82
sn9t 83
snat 84
snb 85
snbt 86
snct 87
sndt 88
sne 89
snet 90
snft 91
sng 92
sngt 93
snht 94
sni 95
snit 96
snj 97
snjt 98
snk 99
snkt 0
snl 1
snlt 2
snmt 3
snn 4
snnt 5
snoj 6
snox 7
snpt 8
snq 9
snqt 10
snr 11
snrt 12
snst 13
snt 14
sntt 15
snu 16
snux 17
snvj 18
snvx 19
snx 20
snxt 21
snyt 22
snz 23
snzt 24
so 25
so0j 26
so0x 27
so1t 28
so2 29
so2t 30
so3t 31
so4 32
so4t 33
so5 34
so5t 35
so6 36
so6t 37
so7 38
so7t 39
so8 40
so8t 41
so9 42
so9t 43
soat 44
sob 45
sobt 46
soct 47
sodt 48
soe 49
soet 50
soft 51
sog 52
sogt 53
sohj 54
sohx 55
soit 56
soj 57
sojt 58
sok 59
sokt 60
sol 61
solt 62
somt 63
son 64
sont 65
soo 66
soot 67
sop 68
soq 69
soqt 70
sor 71
sort 72
sos 73
sost 74
sot 75
sott 76
sou 77
sout 78
sov 79
sovt 80
sowt 81
sox 82
soxt 83
soyt 84
soz 85
sozt 86
sp 87
sp0j 88
sp1 89
sp2j 90
sp2x 91
sp3t 92
sp4 93
sp4t 94
sp5 95
sp6 96
sp6t 97
sp7 98
sp7t 99
sp8 0
sp8t 1
sp9j 2
spax 3
spbj 4
spbx 5
spct 6
spdt 7
spe 8
spet 9
spft 10
spg 11
spgt 12
spht 13
spi 14
spit 15
spj 16
spjt 17
spk 18
spkt 19
spl 20
splt 21
spmt 22
spn 23
spnt 24
spo 25
spot 26
spp 27
sppt 28
spq 29
spqt 30
spr 31
sprt 32
spst 33
spt 34
sptt 35
spu 36
sput 37
spv 38
spvt 39
spwt 40
spx 41
spxt 42
spyx 43
spzt 44
sq 45
sq0j 46
sq0x 47
sq1t 48
sq2 49
sq2t 50
sq3t 51
sq4 52
sq4t 53
sq5 54
sq5t 55
sq6 56
sq6t 57
sq7 58
sq7t 59
sq8 60
sq8t 61
sq9 62
sq9t 63
sqat 64
sqb 65
sqbt 66
sqct 67
sqdt 68
sqe 69
sqet 70
sqft 71
sqg 72
sqgt 73
sqhj 74
sqhx 75
sqit 76
sqj 77
sqjt 78
sqk 79
sqkt 80
sql 81
sqlt 82
sqmt 83
sqn 84
sqnt 85
sqo 86
sqot 87
sqp 88
sqq 89
sqqx 90
sqrj 91
sqs 92
sqst 93
sqt 94
sqtt 95
squ 96
squt 97
sqv 98
sqvt 99
sqwt 0
sqx 1
sqxt 2
sqyt 3
sqz 4
sqzt 5
sr 6
sr0j 7
sr1 8
sr2 9
sr2t 10
sr3 11
sr3t 12
sr4 13
sr4x 14
sr5j 15
sr6 16
sr6t 17
sr7 18
sr7t 19
sr8 20
sr8t 21
sr9 22
sr9t 23
srat 24
srb 25
srbt 26
srct 27
srdt 28
sre 29
sret 30
srft 31
srg 32
srgt 33
srht 34
sri 35
srit 36
srj 37
srjt 38
srk 39
srkt 40
srl 41
srlx 42
srmt 43
srn 44
srnt 45
sro 46
srot 47
srp 48
srpt 49
srq 50
srqt 51
srr 52
srrt 53
srst 54
srt 55
srtt 56
sru 57
srut 58
srv 59
srvt 60
srwt 61
srx 62
srxt 63
sryt 64
srz 65
srzt 66
ss 67
ss0j 68
ss1 69
ss2j 70
ss2x 71
ss3t 72
ss4 73
ss4t 74
ss5 75
ss5t 76
ss6 77
ss6t 78
ss7 79
ss7t 80
ss8 81
ss8t 82
ss9 83
ss9t 84
ssat 85
ssb 86
ssbt 87
ssct 88
ssdt 89
ssej 90
ssex 91
ssft 92
ssht 93
ssi 94
ssit 95
ssj 96
ssjt 97
ssk 98
sskt 99
ssl 0
sslt 1
ssmt 2
ssn 3
ssnt 4
sso 5
ssot 6
ssp 7
sspt 8
ssq 9
ssqt 10
ssr 11
ssrt 12
ssst 13
sst 14
sstt 15
ssu 16
ssut 17
ssv 18
ssvt 19
sswt 20
ssxt 21
ssyt 22
ssz 23
sszt 24
st0 25
st0t 26
st1 27
st1t 28
st2 29
st2t 30
st3t 31
st4 32
st4t 33
st5 34
st5t 35
st6 36
st6t 37
st7 38
st7t 39
st8 40
st8t 41
st9 42
st9t 43
stat 44
stb 45
stbt 46
stct 47
stdt 48
ste 49
stex 50
stft 51
stg 52
stgt 53
sthj 54
sthx 55
stit 56
stj 57
stjt 58
stk 59
stkt 60
stl 61
stlt 62
stmt 63
stnj 64
stnx 65
stoj 66
stox 67
stpt 68
stq 69
stqt 70
str 71
strt 72
sts 73
stst 74
sttt 75
stuj 76
stux 77
stvj 78
stvx 79
stwt 80
stx 81
stxt 82
styt 83
stz 84
stzt 85
su 86
su0j 87
su1 88
su2 89
su2t 90
su3 91
su3t 92
su4 93
su4t 94
su5 95
su5t 96
su6 97
su6t 98
su7 99
su7t 0
su8 1
su8t 2
su9 3
su9t 4
suat 5
sub 6
subt 7
suct 8
sudt 9
sue 10
suex 11
suft 12
sug 13
sugt 14
suht 15
sui 16
suit 17
suj 18
sujt 19
suk 20
sukt 21
sul 22
sult 23
sumt 24
sun 25
sunt 26
suo 27
suot 28
sup 29
supt 30
suq 31
suqt 32
sur 33
surt 34
sust 35
sut 36
sutt 37
suu 38
suut 39
suv 40
suvt 41
suwt 42
sux 43
suxt 44
suyt 45
suz 46
suzt 47
sv 48
sv0j 49
sv1 50
sv2j 51
sv2x 52
sv3t 53
sv4 54
sv4t 55
sv5 56
sv5t 57
sv6 58
sv6t 59
sv7 60
sv7t 61
sv8 62
sv8t 63
sv9 64
sv9t 65
svat 66
svb 67
svbt 68
svct 69
svdt 70
sve 71
svet 72
svft 73
svg 74
svgt 75
svht 76
svi 77
svit 78
svj 79
svjx 80
svkj 81
svl 82
svlt 83
svmt 84
svn 85
svnt 86
svo 87
svot 88
svp 89
svpt 90
svq 91
svqt 92
svr 93
svrt 94
svst 95
svt 96
svtt 97
svu 98
svut 99
svv 0
svvt 1
svwt 2
svx 3
svxt 4
svyt 5
svz 6
svzt 7
sw0 8
sw0t 9
sw1 10
sw1t 11
sw2 12
sw2t 13
sw3t 14
sw4 15
sw4t 16
sw5 17
sw5t 18
sw6 19
sw6t 20
sw7 21
sw7t 22
sw8 23
sw8t 24
sw9 25
sw9t 26
swat 27
swb 28
swbt 29
swct 30
swdt 31
swe 32
swet 33
swft 34
swg 35
swgt 36
swhj 37
swhx 38
swit 39
swj 40
swjt 41
swk 42
swkt 43
swl 44
swlt 45
swmt 46
swnj 47
swo 48
swot 49
swp 50
swpt 51
swq 52
swqt 53
swr 54
swrt 55
sws 56
swst 57
swtt 58
swu 59
swut 60
swv 61
swvt 62
swwt 63
swx 64
swxt 65
swyt 66
swz 67
swzt 68
sx0 69
sx0t 70
sx1 71
sx2 72
sx2t 73
sx3t 74
sx4 75
sx4t 76
sx5 77
sx5t 78
sx6 79
sx6t 80
sx7 81
sx7t 82
sx8 83
sx8t 84
sx9 85
sx9t 86
sxat 87
sxb 88
sxbt 89
sxct 90
sxdt 91
sxe 92
sxex 93
sxft 94
sxg 95
sxgt 96
sxhj 97
sxhx 98
sxit 99
sxj 0
sxjt 1
sxk 2
sxkt 3
sxl 4
sxlt 5
sxmt 6
sxn 7
sxnt 8
sxo 9
sxot 10
sxp 11
sxpt 12
sxq 13
sxqx 14
sxrj 15
sxs 16
sxst 17
sxtt 18
sxuj 19
sxux 20
sxvj 21
sxvx 22
sxwt 23
sxx 24
sxxt 25
sxyt 26
sxz 27
sxzt 28
sy 29
sy0t 30
sy1 31
sy2j 32
sy2x 33
sy3t 34
sy4 35
sy4t 36
sy5 37
sy5t 38
sy6 39
sy6t 40
sy7 41
sy7t 42
sy8 43
sy8t 44
sy9 45
sy9t 46
syat 47
syb 48
sybt 49
syct 50
sydt 51
syej 52
syex 53
syft 54
sygt 55
syht 56
syi 57
syit 58
syj 59
syjt 60
syk 61
sykt 62
syl 63
sylt 64
symt 65
syn 66
synt 67
syo 68
syot 69
syp 70
sypt 71
syq 72
syqt 73
syr 74
syst 75
syt 76
sytt 77
syu 78
syut 79
syv 80
syvt 81
sywt 82
syxt 83
syyt 84
syz 85
syzt 86
sz 87
sz0j 88
sz1 89
sz2j 90
sz2x 91
sz3t 92
sz4 93
sz4t 94
sz5 95
sz5t 96
sz6 97
sz6t 98
sz7 99
sz7t 0
sz8 1
sz8t 2
sz9 3
sz9t 4
szat 5
szb 6
szbt 7
szct 8
szdt 9
sze 10
szet 11
szft 12
szhx 13
szit 14
szj 15
szjt 16
szk 17
szkt 18
szl 19
szlt 20
szmt 21
szn 22
sznt 23
szo 24
szot 25
szp 26
szpt 27
szq 28
szqt 29
szr 30
szrt 31
szst 32
szt 33
sztt 34
szu 35
szut 36
szv 37
szvt 38
szwt 39
szx 40
szxt 41
szyt 42
szz 43
szzt 44
c2aj 45
c52 46
c69x 47
c9wj 48
cbs 49
cddx 50
cfhj 51
chyj 52
ckm 53
cn7x 54
cp5j 55
cr0x 56
cv1t 57
s0 58
s00x 59
s01x 60
s03 61
s03x 62
s04x 63
s05x 64
s06x 65
s07x 66
s08x 67
s09x 68
s0aj 69
s0bj 70
s0cj 71
s0d 72
s0dx 73
s0ex 74
s0fj 75
s0gx 76
s0hj 77
s0ij 78
s0jt 79
s0kt 80
s0lj 81
s0m 82
s0mx 83
s0nx 84
s0ox 85
s0px 86
s0qx 87
s0rx 88
s0sx 89
s0tx 90
s0ux 91
s0vx 92
s0wx 93
s0xx 94
s0yj 95
s0zx 96
s10t 97
s11t 98
s12 99
s13 0
s13x 1
s15 2
s15x 3
s16x 4
s17x 5
s18x 6
s19x 7
s1aj 8
s1bj 9
s1c 10
s1d 11
s1dx 12
s1ex 13
s1fj 14
s1gx 15
s1hj 16
s1ij 17
s1jj 18
s1kj 19
s1lj 20
s1mj 21
s1nj 22
s1oj 23
s1pj 24
s1qj 25
s1rj 26
s1s 27
s1sx 28
s1tx 29
s1ux 30
s1vx 31
s1wx 32
s1xx 33
s1yj 34
s1zx 35
s20t 36
s21x 37
s22x 38
s23j 39
s24j 40
s25j 41
s26j 42
s27j 43
s28j 44
s29j 45
s2a 46
s2bj 47
s2c 48
s2cx 49
s2dj 50
s2ej 51
s2f 52
s2fx 53
s2gx 54
s2ht 55
s2ij 56
s2jj 57
s2kj 58
s2lj 59
s2m 60
s2mx 61
s2nx 62
s2ox 63
s2px 64
s2qx 65
s2rx 66
s2sx 67
s2tx 68
s2ux 69
s2wj 70
s2xj 71
s2y 72
s2zx 73
s30x 74
s31x 75
s32t 76
s33j 77
s34j 78
s35j 79
s36j 80
s37j 81
s38j 82
s39j 83
s3a 84
s3ax 85
s3bx 86
s3cj 87
s3d 88
s3dx 89
s3ex 90
s3fj 91
s3gx 92
s3hj 93
s3ij 94
s3jj 95
s3kj 96
s3lj 97
s3mj 98
s3nj 99
s3oj 0
s3pj 1
s3qj 2
s3rt 3
s3s 4
s3sx 5
s3tx 6
s3ux 7
s3vx 8
s3wx 9
s3xx 10
s3yj 11
s3zx 12
s40t 13
s41t 14
s42 15
s43 16
s43x 17
s44x 18
s45x 19
s46x 20
s48 21
s48x 22
s49x 23
s4aj 24
s4bj 25
s4c 26
s4cx 27
s4dj 28
s4ej 29
s4f 30
s4fx 31
s4gx 32
s4hj 33
s4ij 34
s4jj 35
s4kj 36
s4lj 37
s4m 38
s4mx 39
s4nx 40
s4p 41
s4px 42
s4qx 43
s4rx 44
s4sx 45
s4tx 46
s4ux 47
s4vx 48
s4xj 49
s4y 50
s4z 51
s4zx 52
s50t 53
s51t 54
s52t 55
s53j 56
s54j 57
s55t 58
s56j 59
s57j 60
s58j 61
s59t 62
s5a 63
s5b 64
s5c 65
s5cx 66
s5dj 67
s5ej 68
s5f 69
s5fx 70
s5gx 71
s5hj 72
s5ij 73
s5jt 74
s5kt 75
s5lj 76
s5m 77
s5mx 78
s5nx 79
s5ox 80
s5px 81
s5qx 82
s5rx 83
s5sx 84
s5tx 85
s5ux 86
s5vx 87
s5wx 88
s5xx 89
s5yj 90
s5zx 91
s60t 92
s61x 93
s62x 94
s63j 95
s64j 96
s65j 97
s66j 98
s67j 99
s68j 0
s69j 1
s6ax 2
s6bx 3
s6cj 4
s6d 5
s6dx 6
s6ex 7
s6fj 8
s6gj 9
s6h 10
s6i 11
s6ix 12
s6jx 13
s6kx 14
s6lx 15
s6mj 16
s6nj 17
s6oj 18
s6pj 19
s6qj 20
s6rt 21
s6sx 22
s6tx 23
s6ux 24
s6vx 25
s6wx 26
s6xx 27
s6yx 28
s6zx 29
s70t 30
s71x 31
s72x 32
s73x 33
s74x 34
s75x 35
s76x 36
s77x 37
s78x 38
s79x 39
s7aj 40
s7bj 41
s7c 42
s7cx 43
s7dj 44
s7ej 45
s7f 46
s7fx 47
s7gx 48
s7hj 49
s7ij 50
s7jj 51
s7kj 52
s7lt 53
s7mx 54
s7nx 55
s7ox 56
s7px 57
s7qx 58
s7rx 59
s7sx 60
s7tx 61
s7ux 62
s7vx 63
s7wx 64
s7y 65
s7yx 66
s7zx 67
s80t 68
s81t 69
s82 70
s83 71
s83x 72
s84x 73
s85x 74
s86x 75
s88 76
s88x 77
s89x 78
s8aj 79
s8bt 80
s8cj 81
s8d 82
s8dx 83
s8ex 84
s8fj 85
s8gx 86
s8hj 87
s8ij 88
s8jj 89
s8kj 90
s8lj 91
s8m 92
s8mx 93
s8nx 94
s8ox 95
s8px 96
s8qx 97
s8rx 98
s8sx 99
s8tx 0
s8ux 1
s8vx 2
s8wx 3
s8xx 4
s8yj 5
s8zx 6
s90t 7
s91t 8
s92 9
s93 10
s93x 11
s94x 12
s95x 13
s96x 14
s97x 15
s98x 16
s99x 17
s9aj 18
s9bj 19
s9c 20
s9cx 21
s9dj 22
s9ej 23
s9f 24
s9fx 25
s9gx 26
s9hj 27
s9ij 28
s9jj 29
s9kj 30
s9lj 31
s9m 32
s9mx 33
s9nx 34
s9p 35
s9px 36
s9qx 37
s9rx 38
s9sx 39
s9tx 40
s9v 41
s9wt 42
s9xj 43
s9y 44
s9yx 45
s9zx 46
sa0t 47
sa1x 48
sa2x 49
sa3x 50
sa4x 51
sa5x 52
sa6x 53
sa7x 54
sa9 55
sa9x 56
saaj 57
sabj 58
sac 59
sacx 60
sadj 61
saej 62
saf 63
safx 64
sagx 65
sahx 66
saix 67
sajx 68
sakx 69
salx 70
samj 71
sanj 72
saoj 73
sapj 74
saqj 75
sarj 76
sasx 77
satx 78
saux 79
savx 80
sawx 81
saxx 82
sayj 83
sazx 84
sb0t 85
sb1x 86
sb2x 87
sb3x 88
sb5 89
sb5x 90
sb6x 91
sb7x 92
sb8x 93
sb9x 94
sbaj 95
sbbj 96
sbc 97
sbcx 98
sbdj 99
sbej 0
sbfj 1
sbgx 2
sbhj 3
sbij 4
sbjj 5
sbkj 6
sblj 7
sbm 8
sbmx 9
sbnx 10
sbox 11
sbpx 12
sbqx 13
sbrx 14
sbsx 15
sbtx 16
sbux 17
sbvx 18
sbwx 19
sbxx 20
sbyj 21
sbzx 22
sc0t 23
sc1x 24
sc2x 25
sc3j 26
sc4j 27
sc5j 28
sc6j 29
sc7j 30
sc8j 31
sc9t 32
sca 33
scax 34
scbx 35
sccj 36
scd 37
scdx 38
scex 39
scfj 40
scgj 41
sch 42
sci 43
scix 44
scjx 45
sckx 46
sclx 47
scmj 48
scnj 49
scoj 50
scpj 51
scqj 52
scrj 53
scsx 54
sctx 55
scux 56
scwj 57
scxj 58
scy 59
scyx 60
sczx 61
sd0x 62
sd1x 63
sd2t 64
sd3j 65
sd4j 66
sd5j 67
sd6j 68
sd7j 69
sd8j 70
sd9j 71
sda 72
sdax 73
sdbx 74
sdcj 75
sdd 76
sde 77
sdf 78
sdfx 79
sdgx 80
sdhj 81
sdij 82
sdjj 83
sdkj 84
sdlj 85
sdmj 86
sdnj 87
sdoj 88
sdpj 89
sdqj 90
sdrt 91
sds 92
sdsx 93
sdtx 94
sdux 95
sdvx 96
sdwx 97
sdxx 98
sdyj 99
sdzx 0
se0t 1
se1x 2
se2x 3
se3x 4
se4x 5
se5x 6
se6x 7
se7x 8
se8x 9
se9x 10
seaj 11
sebj 12
sec 13
secx 14
sedj 15
seej 16
sef 17
sefx 18
segx 19
sehj 20
seij 21
sejj 22
sekj 23
selj 24
sem 25
semx 26
senx 27
seox 28
sepx 29
seqx 30
serx 31
sesx 32
setx 33
seux 34
sevx 35
sewx 36
sey 37
seyx 38
sezx 39
sf0t 40
sf1x 41
sf2x 42
sf3x 43
sf4x 44
sf5x 45
sf6x 46
sf7x 47
sf8x 48
sf9x 49
sfaj 50
sfbj 51
sfc 52
sfcx 53
sfdj 54
sfej 55
sff 56
sffx 57
sfgx 58
sfhx 59
sfix 60
sfjx 61
sfkx 62
sflx 63
sfmj 64
sfnj 65
sfoj 66
sfpj 67
sfqj 68
sfrj 69
sfsx 70
sftx 71
sfux 72
sfvx 73
sfwx 74
sfxx 75
sfyj 76
sfzx 77
sg0t 78
sg1t 79
sg2 80
sg3 81
sg3x 82
sg4x 83
sg5x 84
sg6x 85
sg7x 86
sg8x 87
sg9x 88
sgaj 89
sgbj 90
sgc 91
sgcx 92
sgdj 93
sgej 94
sgf 95
sgfx 96
sggx 97
sghj 98
sgij 99
sgjj 0
sgkj 1
sglj 2
sgm 3
sgmx 4
sgnx 5
sgox 6
sgpx 7
sgqx 8
sgrx 9
sgsx 10
sgtx 11
sgv 12
sgwj 13
sgxj 14
sgy 15
sgyx 16
sgzx 17
sh0t 18
sh1x 19
sh2x 20
sh3j 21
sh4j 22
sh5j 23
sh6j 24
sh7j 25
sh8j 26
sh9j 27
sha 28
shax 29
shbx 30
shcj 31
shd 32
shdx 33
shex 34
shfj 35
shgj 36
shh 37
shi 38
shix 39
shjx 40
shkx 41
shlx 42
shmj 43
shnj 44
shoj 45
shpj 46
shqj 47
shrj 48
shsx 49
shtx 50
shux 51
shwj 52
shxj 53
shy 54
shzx 55
si0t 56
si1x 57
si2x 58
si3x 59
si4x 60
si5x 61
si6x 62
si7x 63
si8x 64
si9x 65
siaj 66
sibj 67
sic 68
sicx 69
sidj 70
siej 71
sif 72
sifx 73
sigx 74
sihj 75
siij 76
sijj 77
sikj 78
silj 79
sim 80
simx 81
sinx 82
siox 83
sipx 84
siqx 85
sirx 86
sisx 87
sitx 88
siux 89
sivx 90
siwx 91
siy 92
siyx 93
sizx 94
sj0t 95
sj1x 96
sj2x 97
sj3j 98
sj4j 99
sj5j 0
sj6j 1
sj7j 2
sj8j 3
sj9j 4
sja 5
sjax 6
sjbx 7
sjcj 8
sjd 9
sjdx 10
sjf 11
sjfx 12
sjgx 13
sjht 14
sjij 15
sjjj 16
sjkj 17
sjlj 18
sjm 19
sjmx 20
sjnx 21
sjox 22
sjpx 23
sjr 24
sjrx 25
sjsx 26
sjtx 27
sjv 28
sjwj 29
sjxj 30
sjy 31
sjyx 32
sjzx 33
sk0t 34
sk1t 35
sk2j 36
sk3j 37
sk4t 38
sk5t 39
sk6j 40
sk7j 41
sk8j 42
sk9j 43
ska 44
skax 45
skbx 46
skcj 47
skd 48
skdx 49
skf 50
skfx 51
skgx 52
skhj 53
skij 54
skjj 55
skkj 56
sklt 57
skmx 58
sknx 59
skox 60
skpx 61
skqx 62
skrx 63
sksx 64
sktx 65
skux 66
skvx 67
skwx 68
skxx 69
skyj 70
skzx 71
sl0t 72
sl1x 73
sl3 74
sl3x 75
sl4x 76
sl5x 77
sl6x 78
sl7x 79
sl8x 80
sla 81
slbj 82
slc 83
slcx 84
sldj 85
slej 86
slf 87
slfx 88
slgx 89
slht 90
slij 91
sljj 92
slkj 93
sllj 94
slm 95
slmx 96
slnx 97
slox 98
slpx 99
slqx 0
slrx 1
slsx 2
sltx 3
slux 4
slvx 5
slwx 6
slxx 7
slyx 8
slzx 9
sm0t 10
sm1x 11
sm2x 12
sm3j 13
sm4j 14
sm5j 15
sm6j 16
sm7j 17
sm8j 18
sm9t 19
sma 20
smax 21
smbx 22
smcj 23
smd 24
smdx 25
smex 26
smfj 27
smgj 28
smh 29
smij 30
smjj 31
smkj 32
smlj 33
smm 34
smmx 35
smnx 36
smp 37
smpx 38
smqx 39
smrx 40
smsx 41
smtx 42
smux 43
smvx 44
smwx 45
smxx 46
smyj 47
smzx 48
sn0t 49
sn1t 50
sn2 51
sn3 52
sn3x 53
sn4x 54
sn5x 55
sn6x 56
sn8j 57
sn9j 58
sna 59
snax 60
snbx 61
sncj 62
snd 63
sndx 64
snex 65
snfj 66
sngx 67
snhj 68
snij 69
snjj 70
snkj 71
snlj 72
snm 73
snmx 74
snnx 75
snp 76
snpx 77
snqx 78
snrx 79
snsx 80
sntx 81
snv 82
snwt 83
snxj 84
sny 85
snyx 86
snzx 87
so0t 88
so1x 89
so3 90
so3x 91
so4x 92
so5x 93
so6x 94
so7x 95
so8x 96
soa 97
soax 98
sobx 99
socj 0
sod 1
sodx 2
soex 3
sofj 4
sogj 5
soh 6
soi 7
soix 8
sojx 9
sokx 10
solx 11
somj 12
sonj 13
sooj 14
sopj 15
soqj 16
sorj 17
sosx 18
sotx 19
soux 20
sovx 21
sowx 22
soxx 23
soyx 24
sozx 25
sp0t 26
sp1t 27
sp2 28
sp3 29
sp3x 30
sp4x 31
sp5x 32
sp6x 33
sp7x 34
sp8x 35
sp9x 36
spaj 37
spbt 38
spcj 39
spd 40
spdx 41
spex 42
spfj 43
spgx 44
sphj 45
spij 46
spjj 47
spkj 48
splj 49
spm 50
spmx 51
spnx 52
spox 53
sppx 54
spqx 55
sprx 56
spsx 57
sptx 58
spux 59
spvx 60
spwx 61
spxx 62
spyj 63
spzx 64
sq0t 65
sq1x 66
sq3 67
sq3x 68
sq4x 69
sq5x 70
sq6x 71
sq7x 72
sq8x 73
sq9x 74
sqaj 75
sqbj 76
sqc 77
sqcx 78
sqdj 79
sqej 80
sqf 81
sqfx 82
sqgx 83
sqht 84
sqij 85
sqjj 86
sqkj 87
sqlj 88
sqm 89
sqmx 90
sqnx 91
sqox 92
sqpx 93
sqr 94
sqrx 95
sqsx 96
sqtx 97
squx 98
sqvx 99
sqwx 0
sqxx 1
sqyx 2
sqzx 3
sr0t 4
sr1x 5
sr2x 6
sr3x 7
sr5 8
sr5x 9
sr6x 10
sr7x 11
sr8x 12
sr9x 13
sraj 14
srbj 15
src 16
srcx 17
srdj 18
srej 19
srf 20
srfx 21
srgx 22
srhj 23
srij 24
srjj 25
srkj 26
srlt 27
srmx 28
srnx 29
srox 30
srpx 31
srqx 32
srrx 33
srsx 34
srtx 35
srux 36
srvx 37
srwx 38
srxx 39
sryj 40
srzx 41
ss0t 42
ss1t 43
ss2 44
ss3 45
ss3x 46
ss4x 47
ss5x 48
ss6x 49
ss7x 50
ss8x 51
ss9x 52
ssaj 53
ssbj 54
ssc 55
sscx 56
ssdj 57
sset 58
ssfj 59
ssgx 60
sshj 61
ssij 62
ssjj 63
sskj 64
sslj 65
ssm 66
ssmx 67
ssnx 68
ssox 69
sspx 70
ssqx 71
ssrx 72
sssx 73
sstx 74
ssux 75
ssvx 76
sswx 77
ssxx 78
ssyj 79
sszx 80
st0x 81
st1x 82
st2x 83
st3j 84
st4j 85
st5j 86
st6j 87
st7j 88
st8j 89
st9j 90
sta 91
stax 92
stbx 93
stcj 94
std 95
stdx 96
stf 97
stfx 98
stgx 99
stht 0
stij 1
stjj 2
stkj 3
stlj 4
stm 5
stn 6
sto 7
stp 8
stpx 9
stqx 10
strx 11
stt 12
sttx 13
stv 14
stwj 15
stxj 16
sty 17
styx 18
stzx 19
su0t 20
su1x 21
su2x 22
su3x 23
su4x 24
su5x 25
su6x 26
su7x 27
su8x 28
su9x 29
suaj 30
subj 31
sucj 32
sud 33
sudx 34
suf 35
sufx 36
sugx 37
suhj 38
suij 39
sujj 40
sukj 41
sulj 42
sum 43
sumx 44
sunx 45
suox 46
supx 47
suqx 48
surx 49
susx 50
sutx 51
suux 52
suvx 53
suwx 54
suxx 55
suyj 56
suzx 57
sv0t 58
sv1x 59
sv3 60
sv3x 61
sv4x 62
sv5x 63
sv6x 64
sv7x 65
sv8x 66
sv9x 67
svaj 68
svbj 69
svcj 70
svd 71
svdx 72
svex 73
svfj 74
svgx 75
svhj 76
svij 77
svjt 78
svkt 79
svlj 80
svm 81
svmx 82
svnx 83
svox 84
svpx 85
svqx 86
svrx 87
svsx 88
svtx 89
svux 90
svvx 91
svwx 92
svxx 93
svyj 94
svzx 95
sw0x 96
sw1x 97
sw2x 98
sw3j 99
sw4j 0
sw5j 1
sw6j 2
sw7j 3
sw8j 4
sw9j 5
swa 6
swax 7
swbx 8
swcj 9
swd 10
swdx 11
swex 12
swfj 13
swgj 14
swh 15
swi 16
swix 17
swjx 18
swkx 19
swlx 20
swmj 21
swnx 22
swox 23
swpx 24
swqx 25
swrx 26
swt 27
swtx 28
swux 29
swvx 30
swwx 31
swxx 32
swyx 33
swzx 34
sx0x 35
sx1x 36
sx2x 37
sx3j 38
sx4j 39
sx5j 40
sx6j 41
sx7j 42
sx8j 43
sx9j 44
sxa 45
sxax 46
sxbx 47
sxcj 48
sxd 49
sxdx 50
sxf 51
sxfx 52
sxgx 53
sxht 54
sxij 55
sxjj 56
sxkj 57
sxlj 58
sxm 59
sxmx 60
sxnx 61
sxox 62
sxpx 63
sxr 64
sxrx 65
sxt 66
sxtx 67
sxv 68
sxwj 69
sxxj 70
sxy 71
sxyx 72
sxzx 73
sy0x 74
sy1x 75
sy2t 76
sy3j 77
sy4j 78
sy5j 79
sy6j 80
sy7j 81
sy8j 82
sy9j 83
sya 84
syax 85
sybx 86
sycj 87
syd 88
sye 89
syf 90
syg 91
sygx 92
syhj 93
syij 94
syjj 95
sykj 96
sylj 97
sym 98
symx 99
synx 0
syox 1
sypx 2
syqx 3
syrx 4
sysx 5
sytx 6
syux 7
syvx 8
sywx 9
syxx 10
syyj 11
syzx 12
sz0t 13
sz1t 14
sz2 15
sz3 16
sz3x 17
sz4x 18
sz5x 19
sz6x 20
sz7x 21
sz8x 22
sz9x 23
szaj 24
szbj 25
szc 26
szcx 27
szdj 28
szej 29
szf 30
szg 31
szgx 32
szhj 33
szij 34
szjj 35
szkj 36
szlj 37
szm 38
szmx 39
sznx 40
szox 41
szpx 42
szqx 43
szrx 44
szsx 45
sztx 46
szux 47
szvx 48
szwx 49
szxx 50
szyj 51
szzx 52
c4o 53
c5at 54
cigj 55
cpyt 56
csx 57
cv2 58
cxqt 59
s00j 60
s02t 61
s04j 62
s06j 63
s08j 64
s0a 65
s0c 66
s0dj 67
s0f 68
s0gj 69
s0hx 70
s0k 71
s0lx 72
s0nj 73
s0pj 74
s0rj 75
s0sj 76
s0uj 77
s0wj 78
s0y 79
s0zj 80
s10x 81
s12t 82
s14j 83
s16j 84
s18j 85
s1a 86
s1bx 87
s1dj 88
s1f 89
s1gj 90
s1hx 91
s1jx 92
s1m 93
s1nx 94
s1px 95
s1rx 96
s1tj 97
s1vj 98
s1xj 99
s1yx 0
s20 1
s22j 2
s23x 3
s25x 4
s27x 5
s29x 6
s2bx 7
s2d 8
s2ex 9
s2gj 10
s2i 11
s2jx 12
s2lx 13
s2nj 14
s2pj 15
s2rt 16
s2tj 17
s2vj 18
s2xx 19
s2zj 20
s31t 21
s33 22
s35 23
s36x 24
s38x 25
s3aj 26
s3c 27
s3dj 28
s3f 29
s3gj 30
s3hx 31
s3jx 32
s3m 33
s3nx 34
s3px 35
s3rx 36
s3tj 37
s3vj 38
s3xj 39
s3yx 40
s40 41
s41x 42
s43j 43
s45j 44
s47j 45
s49j 46
s4ax 47
s4cj 48
s4dx 49
s4fj 50
s4h 51
s4ix 52
s4kx 53
s4mj 54
s4ot 55
s4qj 56
s4s 57
s4tj 58
s4vj 59
s4xx 60
s4zj 61
s50x 62
s53 63
s54x 64
s56x 65
s58x 66
s5aj 67
s5cj 68
s5dx 69
s5fj 70
s5h 71
s5ix 72
s5kx 73
s5mj 74
s5oj 75
s5qj 76
s5s 77
s5tj 78
s5vj 79
s5xj 80
s5yx 81
s60 82
s62j 83
s63x 84
s65x 85
s67x 86
s6a 87
s6c 88
s6dj 89
s6f 90
s6gx 91
s6ij 92
s6kj 93
s6m 94
s6nx 95
s6px 96
s6rx 97
s6tj 98
s6vj 99
s6xj 0
s6zj 1
s71t 2
s73j 3
s75j 4
s77j 5
s79j 6
s7ax 7
s7cj 8
s7dx 9
s7fj 10
s7h 11
s7ix 12
s7kx 13
s7nj 14
s7pj 15
s7rj 16
s7tj 17
s7vj 18
s7xj 19
s7zj 20
s80x 21
s82t 22
s84j 23
s86j 24
s88j 25
s8a 26
s8c 27
s8dj 28
s8f 29
s8gj 30
s8hx 31
s8jx 32
s8lx 33
s8nj 34
s8pj 35
s8rj 36
s8sj 37
s8uj 38
s8wj 39
s8y 40
s8zj 41
s90x 42
s92t 43
s94j 44
s96j 45
s98j 46
s9a 47
s9bx 48
s9d 49
s9ex 50
s9gj 51
s9i 52
s9jx 53
s9lx 54
s9nj 55
s9pj 56
s9rj 57
s9sj 58
s9ut 59
s9wx 60
s9yj 61
sa0 62
sa2j 63
sa4j 64
sa6j 65
sa8j 66
saa 67
sabx 68
sad 69
saex 70
sagt 71
saij 72
sakj 73
sam 74
sanx 75
sapx 76
sarx 77
satj 78
savj 79
saxj 80
sayx 81
sb0 82
sb2j 83
sb4t 84
sb6j 85
sb8j 86
sba 87
sbbx 88
sbd 89
sbf 90
sbgj 91
sbhx 92
sbjx 93
sblx 94
sbnj 95
sbpj 96
sbrj 97
sbtj 98
sbvj 99
sbxj 0
sbyx 1
sc0 2
sc2j 3
sc3x 4
sc5x 5
sc7x 6
sc9x 7
scbj 8
sccx 9
scej 10
scfx 11
scht 12
scjj 13
sclj 14
scmx 15
scp 16
scqx 17
scsj 18
scuj 19
scwx 20
scyj 21
sd0j 22
sd2 23
sd3x 24
sd5x 25
sd7x 26
sd9x 27
sdbj 28
sdcx 29
sdet 30
sdgj 31
sdhx 32
sdjx 33
sdm 34
sdnx 35
sdpx 36
sdrx 37
sdtj 38
sdvj 39
sdxj 40
sdyx 41
se0 42
se2j 43
se4j 44
se6j 45
se8j 46
sea 47
sebx 48
sed 49
seex 50
segj 51
sehx 52
sejx 53
selx 54
senj 55
sepj 56
serj 57
setj 58
sevj 59
sexj 60
sezj 61
sf1 62
sf3j 63
sf5j 64
sf7j 65
sf9j 66
sfax 67
sfcj 68
sfdx 69
sffj 70
sfh 71
sfjj 72
sflj 73
sfmx 74
sfox 75
sfqx 76
sfsj 77
sfuj 78
sfwj 79
sfy 80
sfzj 81
sg0x 82
sg2t 83
sg4j 84
sg6j 85
sg8j 86
sga 87
sgbx 88
sgd 89
sgex 90
sggj 91
sgi 92
sgjx 93
sglx 94
sgnj 95
sgpj 96
sgrj 97
sgsj 98
sgut 99
sgwx 0
sgyj 1
sh0 2
sh2j 3
sh3x 4
sh5x 5
sh7x 6
sh9x 7
shbj 8
shcx 9
shej 10
shfx 11
shht 12
shjj 13
shlj 14
shmx 15
shp 16
shqx 17
shsj 18
shuj 19
shwx 20
shyx 21
si0 22
si2j 23
si4j 24
si6j 25
si8j 26
sia 27
sibx 28
sid 29
siex 30
sigt 31
sihx 32
sijx 33
silx 34
sinj 35
sipj 36
sirj 37
sitj 38
sivj 39
sixj 40
sizj 41
sj1 42
sj3 43
sj4x 44
sj6x 45
sj8x 46
sjaj 47
sjc 48
sjdj 49
sjfj 50
sjh 51
sjix 52
sjkx 53
sjmj 54
sjoj 55
sjqj 56
sjsj 57
sjut 58
sjwx 59
sjyj 60
sk0 61
sk1x 62
sk3x 63
sk5x 64
sk7x 65
sk9x 66
skbj 67
skcx 68
skej 69
skgj 70
skhx 71
skjx 72
skmj 73
skoj 74
skqj 75
sksj 76
skuj 77
skwj 78
sky 79
skzj 80
sl1 81
sl3j 82
sl5j 83
sl7j 84
sl9j 85
slbx 86
sld 87
slex 88
slgj 89
sli 90
sljx 91
sllx 92
slnj 93
slpj 94
slrt 95
sltj 96
slvj 97
slxj 98
slyj 99
sm0 0
sm2j 1
sm3x 2
sm5x 3
sm7x 4
sm9x 5
smbj 6
smcx 7
smej 8
smfx 9
smhx 10
smjx 11
smlx 12
smnj 13
smpj 14
smrj 15
smtj 16
smvj 17
smxj 18
smyx 19
sn0 20
sn1x 21
sn3j 22
sn5j 23
sn7j 24
sn9x 25
snbj 26
sncx 27
snej 28
snfx 29
snh 30
snix 31
snkx 32
snmj 33
snot 34
snqj 35
sns 36
sntj 37
snvt 38
snxx 39
snzj 40
so1 41
so3j 42
so5j 43
so7j 44
so9j 45
sobj 46
socx 47
soej 48
sofx 49
soht 50
sojj 51
solj 52
somx 53
soox 54
soqx 55
sosj 56
souj 57
sowj 58
soy 59
sozj 60
sp0x 61
sp2t 62
sp4j 63
sp6j 64
sp8j 65
spa 66
spc 67
spdj 68
spf 69
spgj 70
sphx 71
spjx 72
splx 73
spnj 74
sppj 75
sprj 76
spsj 77
spuj 78
spwj 79
spy 80
spzj 81
sq1 82
sq3j 83
sq5j 84
sq7j 85
sq9j 86
sqax 87
sqcj 88
sqdx 89
sqfj 90
sqh 91
sqix 92
sqkx 93
sqmj 94
sqoj 95
sqqj 96
sqsj 97
squj 98
sqwj 99
sqy 0
sqzj 1
sr1t 2
sr3j 3
sr5t 4
sr7j 5
sr9j 6
srax 7
srcj 8
srdx 9
srfj 10
srh 11
srix 12
srkx 13
srnj 14
srpj 15
srrj 16
srtj 17
srvj 18
srxj 19
sryx 20
ss0 21
ss1x 22
ss3j 23
ss5j 24
ss7j 25
ss9j 26
ssax 27
sscj 28
sse 29
ssg 30
ssh 31
ssix 32
sskx 33
ssmj 34
ssoj 35
ssqj 36
sss 37
sstj 38
ssvj 39
ssxj 40
ssyx 41
st0j 42
st2j 43
st3x 44
st5x 45
st7x 46
st9x 47
stbj 48
stcx 49
stet 50
stgj 51
sti 52
stjx 53
stlx 54
stnt 55
stpj 56
strj 57
sttj 58
stvt 59
stxx 60
stzj 61
su0x 62
su3j 63
su5j 64
su7j 65
su9j 66
suax 67
sucx 68
suej 69
sugj 70
suhx 71
sujx 72
sulx 73
sunj 74
supj 75
surj 76
susj 77
suuj 78
suwj 79
suy 80
suzj 81
sv0x 82
sv3j 83
sv5j 84
sv7j 85
sv9j 86
svax 87
svcx 88
svej 89
svfx 90
svh 91
svix 92
svkx 93
svmj 94
svoj 95
svqj 96
svs 97
svtj 98
svvj 99
svxj 0
svyx 1
sw0j 2
sw2j 3
sw3x 4
sw5x 5
sw7x 6
sw9x 7
swbj 8
swcx 9
swej 10
swfx 11
swht 12
swjj 13
swlj 14
swn 15
swpj 16
swrj 17
swtj 18
swvj 19
swxj 20
swyj 21
sx0j 22
sx2j 23
sx3x 24
sx5x 25
sx7x 26
sx9x 27
sxbj 28
sxcx 29
sxet 30
sxgj 31
sxi 32
sxjx 33
sxlx 34
sxnj 35
sxpj 36
sxrt 37
sxtj 38
sxvt 39
sxxx 40
sxzj 41
sy1t 42
sy3 43
sy4x 44
sy6x 45
sy8x 46
syaj 47
syc 48
sydj 49
syfj 50
syh 51
syix 52
sykx 53
symj 54
syoj 55
syqj 56
sys 57
sytj 58
syvj 59
syxj 60
syyx 61
sz0 62
sz1x 63
sz3j 64
sz5j 65
sz7j 66
sz9j 67
szax 68
szcj 69
szdx 70
szfj 71
szh 72
szix 73
szkx 74
szmj 75
szoj 76
szqj 77
szs 78
sztj 79
szvj 80
szxj 81
szyx 82
s01t 83
s05t 84
s09t 85
s0cx 86
s0fx 87
s0ix 88
s0mj 89
s0qj 90
s0tj 91
s0xj 92
s10 93
s13j 94
s17j 95
s1ax 96
s1ej 97
s1h 98
s1kx 99
s1ox 0
s1sj 1
s1wj 2
s1zj 3
s23 4
s26x 5
s2ax 6
s2dx 7
s2h 8
s2kx 9
s2oj 10
s2sj 11
s2wx 12
s30j 13
s33x 14
s37x 15
s3bj 16
s3ej 17
s3h 18
s3kx 19
s3ox 20
s3sj 21
s3wj 22
s3zj 23
s42t 24
s46j 25
s4a 26
s4d 27
s4gj 28
s4jx 29
s4nj 30
s4rj 31
s4uj 32
s4yj 33
s51x 34
s55x 35
s59x 36
s5d 37
s5gj 38
s5k 39
s5nj 40
s5rj 41
s5uj 42
s5y 43
s61 44
s64x 45
s68x 46
s6cx 47
s6fx 48
s6jj 49
s6mx 50
s6qx 51
s6uj 52
s6y 53
s72j 54
s76j 55
s7a 56
s7d 57
s7gj 58
s7jx 59
s7oj 60
s7sj 61
s7wj 62
s80 63
s83j 64
s87j 65
s8b 66
s8ej 67
s8h 68
s8kx 69
s8oj 70
s8s 71
s8vj 72
s8z 73
s91x 74
s95j 75
s99j 76
s9cj 77
s9fj 78
s9ix 79
s9mj 80
s9qj 81
s9tj 82
s9xx 83
sa1 84
sa5j 85
sa9t 86
sacj 87
safj 88
sajj 89
samx 90
saqx 91
sauj 92
say 93
sb0x 94
sb5t 95
sb9j 96
sbcj 97
sbfx 98
sbix 99
sbmj 0
sbqj 1
sbuj 2
sby 3
sc1 4
sc4x 5
sc9 6
scc 7
scf 8
scij 9
scm 10
scpx 11
sctj 12
scxx 13
sd1t 14
sd4x 15
sd8x 16
sdc 17
sdfj 18
sdix 19
sdmx 20
sdqx 21
sduj 22
sdy 23
se1t 24
se5j 25
se9j 26
secj 27
sefj 28
seix 29
semj 30
seqj 31
seuj 32
seyj 33
sf2j 34
sf6j 35
sfa 36
sfd 37
sfgt 38
sfkj 39
sfnx 40
sfrx 41
sfvj 42
sfyx 43
sg1x 44
sg5j 45
sg9j 46
sgcj 47
sgfj 48
sgix 49
sgmj 50
sgqj 51
sgtj 52
sgxx 53
sh1 54
sh4x 55
sh8x 56
shc 57
shf 58
shij 59
shm 60
shpx 61
shtj 62
shxx 63
si1 64
si5j 65
si9j 66
sicj 67
sifj 68
siix 69
simj 70
siqj 71
siuj 72
siyj 73
sj2j 74
sj5x 75
sj9x 76
sjcx 77
sjgj 78
sjjx 79
sjnj 80
sjrt 81
sjvt 82
sjzj 83
sk2x 84
sk6x 85
skaj 86
skdj 87
skh 88
skkx 89
skpj 90
sktj 91
skxj 92
sl0 93
sl4j 94
sl8j 95
slcj 96
slfj 97
slix 98
slmj 99
slqj 0
sluj 1
sly 2
sm1 3
sm4x 4
sm9 5
smc 6
smf 7
smix 8
smmj 9
smqj 10
smuj 11
smy 12
sn0x 13
sn4j 14
sn8x 15
snc 16
snf 17
snhx 18
snlx 19
snpj 20
snsj 21
snwx 22
so0 23
so4j 24
so8j 25
soc 26
sof 27
soij 28
som 29
sopx 30
sotj 31
soxj 32
sp0 33
sp3j 34
sp7j 35
spb 36
spej 37
sph 38
spkx 39
spoj 40
sps 41
spvj 42
spz 43
sq2j 44
sq6j 45
sqa 46
sqd 47
sqgj 48
sqjx 49
sqnj 50
sqrt 51
sqvj 52
sqyj 53
sr2j 54
sr6j 55
sra 56
srd 57
srgj 58
srjx 59
sroj 60
srsj 61
srwj 62
srzj 63
ss2t 64
ss6j 65
ssa 66
ssd 67
ssgj 68
ssjx 69
ssnj 70
ssrj 71
ssuj 72
ssy 73
st1j 74
st4x 75
st8x 76
stc 77
stfj 78
stix 79
stmj 80
stqj 81
stut 82
styj 83
su2j 84
su6j 85
sua 86
sudj 87
suh 88
sukx 89
suoj 90
sus 91
suvj 92
suyx 93
sv2t 94
sv6j 95
sva 96
svdj 97
svgj 98
svk 99
svnj 0
svrj 1
svuj 2
svy 3
sw1j 4
sw4x 5
sw8x 6
swc 7
swf 8
swij 9
swm 10
swqj 11
swuj 12
swy 13
sx1t 14
sx4x 15
sx8x 16
sxc 17
sxfj 18
sxix 19
sxmj 20
sxqj 21
sxut 22
sxyj 23
sy2 24
sy5x 25
sy9x 26
sycx 27
sygj 28
syjx 29
synj 30
syrt 31
syuj 32
syy 33
sz0x 34
sz4j 35
sz8j 36
szbx 37
szex 38
szi 39
szlx 40
szpj 41
szsj 42
szwj 43
szzj 44
szy 45
szuj 46
sznj 47
c09 48
cb1t 49
clr 50
crs 51
ctu 52
s03j 53
s0ax 54
s0h 55
s0oj 56
s0vj 57
s11x 58
s19j 59
s1fx 60
s1mx 61
s1uj 62
s21 63
s28x 64
s2fj 65
s2mj 66
s2uj 67
s32 68
s39x 69
s3fx 70
s3mx 71
s3uj 72
s40x 73
s48j 74
s4ex 75
s4lx 76
s4sj 77
s50 78
s57x 79
s5ex 80
s5lx 81
s5sj 82
s5zj 83
s66x 84
s6ej 85
s6lj 86
s6sj 87
s70 88
s78j 89
s7ex 90
s7mj 91
s7uj 92
s81x 93
s89j 94
s8fx 95
s8mj 96
s8tj 97
s90 98
s97j 99
s9dx 0
s9kx 1
s9s 2
s9zj 3
sa7j 4
sadx 5
salj 6
sasj 7
sazj 8
sb7j 9
sbdx 10
sbkx 11
sbsj 12
sbzj 13
sc6x 14
scdj 15
sckj 16
scrx 17
sczj 18
sd6x 19
sddj 20
sdkx 21
sdsj 22
sdzj 23
se7j 24
sedx 25
sekx 26
sesj 27
sf0 28
sf8j 29
sfex 30
sfm 31
sftj 32
sg0 33
sg7j 34
sgdx 35
sgkx 36
sgs 37
sgzj 38
sh6x 39
shdj 40
shkj 41
shrx 42
shzj 43
si7j 44
sidx 45
sikx 46
sisj 47
sj0 48
sj7x 49
sjet 50
sjlx 51
sjtj 52
sk0x 53
sk8x 54
skfj 55
sknj 56
skvj 57
sl2j 58
slax 59
slh 60
sloj 61
slwj 62
sm3 63
smaj 64
smgx 65
smoj 66
smwj 67
sn2t 68
snaj 69
sngj 70
snnj 71
snut 72
so2j 73
soaj 74
sogx 75
sonx 76
sovj 77
sp1x 78
sp9t 79
spfx 80
spmj 81
sptj 82
sq0 83
sq8j 84
sqex 85
sqlx 86
sqtj 87
sr0 88
sr8j 89
srex 90
srmj 91
sruj 92
ss0x 93
ss8j 94
ssf 95
sslx 96
sssj 97
sszj 98
st6x 99
stdj 0
stkx 1
stsj 2
su0 3
su8j 4
sufj 5
sumj 6
sutj 7
sv0 8
sv8j 9
svf 10
svlx 11
svsj 12
svzj 13
sw6x 14
swdj 15
swkj 16
swsj 17
swzj 18
sx6x 19
sxdj 20
sxkx 21
sxsj 22
sy0j 23
sy7x 24
syet 25
sylx 26
sysj 27
syzj 28
sz6j 29
szd 30
szjx 31
cfkt 32
cket 33
cy0 34
s07j 35
s0kx 36
s0yx 37
s1cj 38
s1qx 39
s24x 40
s2ix 41
s2yx 42
s3cx 43
s3qx 44
s44j 45
s4hx 46
s4wx 47
s5bt 48
s5pj 49
s63 50
s6ht 51
s6wj 52
s7bx 53
s7qj 54
s85j 55
s8ix 56
s8xj 57
s9ax 58
s9ot 59
sa3j 60
sah 61
sawj 62
sbax 63
sboj 64
sc3 65
scgx 66
scvj 67
sdaj 68
sdox 69
se3j 70
seh 71
sewj 72
sfbx 73
sfpx 74
sg3j 75
sgh 76
sgvt 77
shaj 78
shnx 79
si3j 80
sih 81
siwj 82
sjbj 83
sjpj 84
sk5 85
skix 86
skyx 87
sldx 88
slsj 89
sm6x 90
smkx 91
smzj 92
sndj 93
snrj 94
so6j 95
sokj 96
soyj 97
spcx 98
spqj 99
sq4j 0
sqi 1
sqxj 2
srbx 3
srqj 4
ss4j 5
sshx 6
sswj 7
staj 8
stot 9
su4j 10
suix 11
suxj 12
svc 13
svpj 14
sw3 15
swgx 16
swwj 17
sxaj 18
sxoj 19
sy3x 20
syhx 21
sywj 22
sza 23
szrj 24
szgj 25
sz2t 26
sybj 27
c2vt 28
c9ht 29
cdlt 30
cggt 31
cn8 32
csdx 33
s0ej 34
s15j 35
s1y 36
s2qj 37
s3ix 38
s4bx 39
s53x 40
s5wj 41
s6ox 42
s7hx 43
s8cx 44
s93j 45
s9vt 46
saox 47
sbh 48
scaj 49
sd3 50
sdwj 51
seoj 52
sfij 53
sgax 54
sh3 55
shvj 56
sioj 57
sji 58
skc 59
sl6j 60
slzj 61
smsj 62
snjx 63
sodj 64
sp5t 65
spxj 66
sqpj 67
srhx 68
ssbx 69
st3 70
stwx 71
suqj 72
svhx 73
swaj 74
sx3 75
sxwx 76
c05j 77
c6tt 78
ce0x 79
cjpt 80
cmi 81
cq2x 82
ctej 83
s0s 84
s2cj 85
s3y 86
s5hx 87
s74j 88
s8qj 89
saax 90
sbwj 91
sdh 92
sf4j 93
sgoj 94
siax 95
sjxx 96
slkx 97
sn6j 98
sorx 99
sqbx 0
sry 1
sth 2
sv4j 3
swoj 4
sypj 5
sxh 6
svwj 7
sspj 8
c1cx 9
c6yj 10
ca3 11
chox 12
claj 13
cubx 14
s1ix 15
s4pj 16
s7yj 17
sb3j 18
seax 19
shgx 20
skrj 21
snyj 22
sr4t 23
c34t 24
c7lj 25
cagj 26
cixx 27
cr4j 28
cwsx 29
cyrj 30
s35x 31
s9h 32
sfxj 33
smdj 34
suc 35
sj3x 36
c4wj 37
cc8x 38
cvjj 39
czfx 40
scnx 41
c7m 42
cmhj 43
co9x 44
s6bj 45
cnuj 46
spix 47
c87x 48
cx1j 49
