1837
s00l 0
s066 1
s0a6 2
s0bl 3
s0h6 4
s0k6 5
s0m6 6
s0q6 7
s0u6 8
s0v6 9
s0x6 10
s126 11
s166 12
s18l 13
s1bl 14
s1j6 15
s1l6 16
s1o6 17
s1q6 18
s1u6 19
s1vl 20
s1x6 21
s20l 22
s25l 23
s2a6 24
s2b6 25
s2f6 26
s2il 27
s2k6 28
s2m6 29
s2q6 0
s2u6 1
s2v6 2
s2x6 3
s326 4
s366 5
s3b6 6
s3c6 7
s3j6 8
s3l6 9
s3o6 10
s3q6 11
s3t6 12
s3ul 13
s3vl 14
s40l 15
s466 16
s4a6 17
s4bl 18
s4h6 19
s4k6 20
s4m6 21
s4q6 22
s4u6 23
s4v6 24
s4x6 25
s50l 26
s566 27
s5a6 28
s5bl 29
s5cl 0
s5h6 1
s5k6 2
s5m6 3
s5q6 4
s5t6 5
s5ul 6
s5vl 7
s5yl 8
s60l 9
s666 10
s6a6 11
s6c6 12
s6j6 13
s6l6 14
s6o6 15
s6q6 16
s6u6 17
s6v6 18
s6x6 19
s70l 20
s766 21
s7a6 22
s7bl 23
s7h6 24
s7k6 25
s7m6 26
s7o6 27
s7q6 28
s7u6 29
s7v6 0
s7x6 1
s80l 2
s866 3
s8a6 4
s8bl 5
s8e6 6
s8j6 7
s8l6 8
s8o6 9
s8q6 10
s8u6 11
s8v6 12
s8x6 13
s90l 14
s94l 15
s966 16
s9al 17
s9bl 18
s9h6 19
s9k6 20
s9m6 21
s9q6 22
s9u6 23
s9v6 24
s9x6 25
sa0l 26
sa66 27
saa6 28
sabl 29
sah6 0
sak6 1
sam6 2
saq6 3
sau6 4
sav6 5
sax6 6
sb0l 7
sb66 8
sba6 9
sbbl 10
sbh6 11
sbk6 12
sbm6 13
sbq6 14
sbt6 15
sbul 16
sbvl 17
sc0l 18
sc66 19
sca6 20
scbl 21
sch6 22
sck6 23
scm6 24
scq6 25
scu6 26
scv6 27
scx6 28
sd26 29
sd66 0
sdb6 1
sdc6 2
sdh6 3
sdk6 4
sdm6 5
sdq6 6
sdu6 7
sdv6 8
sdx6 9
se0l 10
se66 11
sea6 12
sebl 13
seh6 14
sek6 15
sem6 16
seq6 17
seu6 18
sev6 19
sex6 20
sf0l 21
sf66 22
sfa6 23
sfbl 24
sfh6 25
sfk6 26
sfm6 27
sfq6 28
sfu6 29
sfv6 0
sfx6 1
sg0l 2
sg2l 3
sg66 4
sga6 5
sgbl 6
sgh6 7
sgk6 8
sgm6 9
sgq6 10
sgu6 11
sgv6 12
sgx6 13
sh0l 14
sh66 15
sha6 16
shc6 17
shj6 18
shl6 19
sho6 20
shq6 21
shu6 22
shv6 23
shx6 24
si0l 25
si3l 26
si66 27
si9l 28
sib6 29
sic6 0
sii6 1
sik6 2
sim6 3
siq6 4
siu6 5
sivl 6
sj0l 7
sj26 8
sj5l 9
sja6 10
sjc6 11
sjh6 12
sjk6 13
sjm6 14
sjq6 15
sju6 16
sjv6 17
sk0l 18
sk66 19
ska6 20
skbl 21
skdl 22
skj6 23
skkl 24
skm6 25
skq6 26
sku6 27
skv6 28
skx6 29
sl0l 0
sl5l 1
sl76 2
sla6 3
slc6 4
slj6 5
sll6 6
slo6 7
slt6 8
slul 9
slvl 10
sm0l 11
sm66 12
sma6 13
smbl 14
smh6 15
smk6 16
smm6 17
smq6 18
smt6 19
smul 20
smvl 21
sn0l 22
sn66 23
sna6 24
snbl 25
snh6 26
snk6 27
snm6 28
snq6 29
snu6 0
snv6 1
snx6 2
so0l 3
so5l 4
soa6 5
soc6 6
soh6 7
soj6 8
sol6 9
soo6 10
soq6 11
sou6 12
sov6 13
sox6 14
sp0l 15
sp66 16
spa6 17
spbl 18
sph6 19
spk6 20
spm6 21
spq6 22
spu6 23
spv6 24
spx6 25
sq0l 26
sq3l 27
sq66 28
sqa6 29
sqc6 0
sqfl 1
sqj6 2
sql6 3
sqo6 4
sqt6 5
squl 6
sqvl 7
sr0l 8
sr66 9
sra6 10
srbl 11
srh6 12
srk6 13
srm6 14
sro6 15
srq6 16
sru6 17
srv6 18
srx6 19
ss0l 20
ss66 21
ssb6 22
ssc6 23
ssgl 24
ssj6 25
ssl6 26
sso6 27
ssq6 28
ssu6 29
ssv6 0
ssx6 1
st26 2
st5l 3
st9l 4
stb6 5
sth6 6
stm6 7
sto6 8
stq6 9
stu6 10
stv6 11
stx6 12
su0l 13
su66 14
sua6 15
subl 16
suh6 17
suj6 18
sul6 19
suo6 20
suq6 21
sut6 22
suul 23
suvl 24
sv0l 25
sv66 26
sva6 27
svbl 28
svh6 29
svk6 0
svm6 1
svq6 2
svu6 3
svv6 4
svw6 5
sw06 6
sw26 7
sw5l 8
swa6 9
swc6 10
swh6 11
swl6 12
swo6 13
swq6 14
swt6 15
swul 16
swvl 17
sx0l 18
sx5l 19
sx8l 20
sxb6 21
sxcl 22
sxj6 23
sxl6 24
sxo6 25
sxq6 26
sxu6 27
sxv6 28
sxx6 29
sy26 0
sy66 1
syb6 2
syc6 3
syj6 4
syl6 5
syo6 6
syt6 7
syul 8
syvl 9
sz0l 10
sz66 11
szb6 12
szc6 13
szh6 14
szk6 15
szm6 16
szq6 17
szul 18
szvl 19
c0w6 20
c4e6 21
c5w6 22
c676 23
cbdl 24
cbkl 25
ce3l 26
ce9l 27
cei6 28
cg4l 29
cgal 0
ch5l 1
chf6 2
chil 3
cj8l 4
cjcl 5
cne6 6
co3l 7
cofl 8
cpcl 9
cpw6 10
cqcl 11
ct06 12
cudl 13
cukl 14
cvdl 15
cvkl 16
cw4l 17
cx9l 18
cygl 19
cz2l 20
cz4l 21
cza6 22
s006 23
s05l 24
s0b6 25
s0j6 26
s0o6 27
s0t6 28
s0vl 29
s15l 0
s1b6 1
s1k6 2
s1t6 3
s1w6 4
s226 5
s266 6
s2al 7
s2h6 8
s2l6 9
s2t6 10
s2vl 11
s35l 12
s3bl 13
s3k6 14
s3rl 15
s3v6 16
s406 17
s45l 18
s4b6 19
s4j6 20
s4o6 21
s4t6 22
s4vl 23
s526 24
s55l 25
s5b6 26
s5el 27
s5l6 28
s5r6 29
s5v6 0
s606 1
s68l 2
s6h6 3
s6m6 4
s6t6 5
s6vl 6
s726 7
s75l 8
s78l 9
s7c6 10
s7l6 11
s7t6 12
s7vl 13
s826 14
s85l 15
s8b6 16
s8h6 17
s8m6 18
s8t6 19
s8vl 20
s906 21
s95l 22
s9b6 23
s9j6 24
s9o6 25
s9t6 26
s9vl 27
sa26 28
sa5l 29
sab6 0
saj6 1
sao6 2
sat6 3
savl 4
sb06 5
sb5l 6
sbb6 7
sbj6 8
sbo6 9
sbsl 10
sbv6 11
sc06 12
sc5l 13
scb6 14
scj6 15
sco6 16
sct6 17
scvl 18
sd5l 19
sdbl 20
sdj6 21
sdo6 22
sdt6 23
sdvl 24
se26 25
se5l 26
seb6 27
sej6 28
seo6 29
set6 0
sevl 1
sf26 2
sf5l 3
sfb6 4
sfj6 5
sfo6 6
sft6 7
sfvl 8
sg06 9
sg5l 10
sg8l 11
sgc6 12
sgl6 13
sgt6 14
sgvl 15
sh26 16
sh8l 17
shh6 18
shm6 19
sht6 20
shvl 21
si26 22
si5l 23
sia6 24
sih6 25
sil6 26
sit6 27
six6 28
sj1l 29
sj66 0
sje6 1
sjl6 2
sjpl 3
sjul 4
sk06 5
sk5l 6
skb6 7
skh6 8
skl6 9
skt6 10
skvl 11
sl26 12
sl66 13
slb6 14
slk6 15
slq6 16
slv6 17
sm06 18
sm5l 19
smb6 20
smj6 21
smo6 22
smr6 23
smv6 24
sn06 25
sn5l 26
snb6 27
snj6 28
sno6 29
snt6 0
snvl 1
so26 2
so66 3
sob6 4
sohl 5
som6 6
sot6 7
sovl 8
sp26 9
sp5l 10
spb6 11
spj6 12
spo6 13
spt6 14
spvl 15
sq26 16
sq5l 17
sq8l 18
sqdl 19
sqk6 20
sqq6 21
sqv6 22
sr06 23
sr5l 24
srb6 25
srj6 26
srnl 27
srt6 28
srvl 29
ss26 0
ss8l 1
ssf6 2
ssk6 3
sst6 4
ssvl 5
st66 6
stc6 7
stml 8
stt6 9
stvl 10
su26 11
su5l 12
sub6 13
suhl 14
sum6 15
surl 16
suv6 17
sv06 18
sv5l 19
svb6 20
svj6 21
svo6 22
svt6 23
svvl 24
sw0l 25
sw66 26
swb6 27
swj6 28
swpl 29
swu6 0
swx6 1
sx26 2
sx66 3
sxc6 4
sxk6 5
sxpl 6
sxul 7
sy0l 8
sy6l 9
sybl 10
syk6 11
syu6 12
syx6 13
sz1l 14
sz8l 15
szdl 16
szl6 17
szt6 18
szx6 19
szv6 20
c0dl 21
c0kl 22
c1rl 23
c276 24
c5dl 25
c5kl 26
c73l 27
c79l 28
c7i6 29
c8cl 0
c8w6 1
c9e6 2
car6 3
ccf6 4
ccil 5
cd6l 6
cdgl 7
cfr6 8
cge6 9
ch76 10
chal 11
cir6 12
cj9l 13
cknl 14
cl3l 15
clfl 16
clhl 17
cmf6 18
cmil 19
cocl 20
cpdl 21
cpel 22
cpkl 23
cpr6 24
cpyl 25
cq1l 26
cq9l 27
cqe6 28
cr3l 29
cr9l 0
cri6 1
cs1l 2
cs4l 3
csa6 4
csdl 5
ct4l 6
cusl 7
cvhl 8
cvrl 9
cwkl 10
cx4l 11
cxml 12
cy1l 13
cy4l 14
cya6 15
cydl 16
cyf6 17
czal 18
cze6 19
s026 20
s08l 21
s0l6 22
s0ul 23
s16l 24
s1m6 25
s1ul 26
s22l 27
s2c6 28
s2o6 29
s2ul 0
s36l 1
s3m6 2
s3u6 3
s426 4
s48l 5
s4l6 6
s4ul 7
s52l 8
s5c6 9
s5o6 10
s5u6 11
s626 12
s6b6 13
s6ul 14
s72l 15
s7b6 16
s7ml 17
s7ul 18
s82l 19
s8c6 20
s8ul 21
s926 22
s9c6 23
s9ul 24
sa2l 25
sac6 26
saul 27
sb26 28
sb8l 29
sbl6 0
sbu6 1
sc26 2
sc8l 3
scl6 4
scul 5
sd8l 6
sdl6 7
sdul 8
se2l 9
sec6 10
seul 11
sf2l 12
sfc6 13
sful 14
sg26 15
sgb6 16
sgo6 17
sgul 18
sh2l 19
shk6 20
shul 21
si2l 22
sibl 23
sio6 24
siv6 25
sj2l 26
sjj6 27
sjt6 28
sk26 29
sk8l 0
skk6 1
skul 2
sl2l 3
slh6 4
slu6 5
sm26 6
sm8l 7
sml6 8
smu6 9
sn26 10
sn8l 11
snl6 12
snul 13
so2l 14
sogl 15
sopl 16
sp06 17
sp8l 18
spl6 19
spul 20
sq2l 21
sqb6 22
sqm6 23
sqx6 24
sr2l 25
src6 26
srul 27
ss5l 28
ssh6 29
ssul 0
st2l 1
stj6 2
stul 3
su2l 4
suc6 5
suu6 6
sv26 7
sv8l 8
svl6 9
svul 10
sw2l 11
swel 12
swrl 13
sx06 14
sxa6 15
sxm6 16
sxvl 17
sy8l 18
sym6 19
syv6 20
sz5l 21
szj6 22
c0hl 23
c0rl 24
c3gl 25
c4cl 26
c4w6 27
c5hl 28
c5rl 29
c63l 0
c6fl 1
c6hl 2
c8dl 3
c8kl 4
c8r6 5
c8yl 6
caf6 7
cail 8
cbnl 9
cc76 10
ccal 11
cd1l 12
cd4l 13
cda6 14
cddl 15
cdf6 16
cer6 17
cff6 18
cfil 19
cif6 20
ciil 21
cj4l 22
cjml 23
ck3l 24
ck9l 25
cki6 26
clcl 27
clgl 28
clpl 29
cm76 0
cmal 1
cncl 2
cnw6 3
co1l 4
co9l 5
codl 6
cphl 7
cprl 8
cq4l 9
cqml 10
crml 11
cs2l 12
csal 13
cse6 14
ctel 15
ctkl 16
ctrl 17
cunl 18
cvnl 19
cvsl 20
cxel 21
cxkl 22
cxrl 23
cy2l 24
cyal 25
cye6 26
s02l 27
s0pl 28
s1c6 29
s206 0
s2j6 1
s30l 2
s3pl 3
s42l 4
s4pl 5
s58l 6
s5pl 7
s62l 8
s6pl 9
s77l 10
s7pl 11
s88l 12
s8pl 13
s98l 14
s9pl 15
sa8l 16
sapl 17
sb2l 18
sbpl 19
sc2l 20
scpl 21
sdfl 22
se06 23
sel6 24
sf06 25
sfl6 26
sfzl 27
sgj6 28
sh06 29
shpl 0
si8l 1
sipl 2
sjb6 3
sjvl 4
skc6 5
skpl 6
sl8l 7
slx6 8
smc6 9
smx6 10
snc6 11
so06 12
sok6 13
sp2l 14
sppl 15
sq7l 16
squ6 17
sr8l 18
srpl 19
ssbl 20
sspl 21
sta6 22
su06 23
suk6 24
sux6 25
svc6 26
svx6 27
swm6 28
sx2l 29
sxt6 0
syh6 1
sz06 2
szo6 3
c0nl 4
c0sl 5
c1gl 6
c23l 7
c2fl 8
c2hl 9
c31l 10
c34l 11
c3a6 12
c3dl 13
c3f6 14
c4dl 15
c4kl 16
c4r6 17
c4yl 18
c5nl 19
c6cl 20
c6gl 21
c7r6 22
c8el 23
c8hl 24
c8rl 25
c9cl 26
c9w6 27
ca76 28
caal 29
cb3l 0
cb9l 1
cbi6 2
cd2l 3
cdal 4
cde6 5
cef6 6
ceil 7
cf76 8
cfal 9
cgcl 10
cgw6 11
ch3l 12
chfl 13
chhl 14
ci76 15
cial 16
cizl 17
cjel 18
cjkl 19
cjrl 20
cjx6 21
ckml 22
cl1l 23
cl9l 24
cldl 25
cndl 26
cnkl 27
cnr6 28
cnyl 29
co4l 0
co7l 1
coe6 2
coml 3
cpnl 4
cqel 5
cqkl 6
cqrl 7
cr7l 8
crr6 9
cu3l 10
cu9l 11
cui6 12
cv3l 13
cv9l 14
cvi6 15
cwzl 16
czcl 17
czw6 18
s0c6 19
s1pl 20
s2pl 21
s3x6 22
s506 23
s5x6 24
s706 25
s806 26
s8zl 27
sa06 28
sayl 29
sbx6 0
sd0l 1
se8l 2
sf8l 3
sg76 4
shb6 5
sij6 6
sjo6 7
sko6 8
slm6 9
smpl 10
snpl 11
soul 12
sq06 13
sr26 14
ss06 15
st0l 16
su8l 17
sv2l 18
sw8l 19
sxh6 20
sypl 21
szpl 22
sy5l 23
c03l 24
c09l 25
c0i6 26
c11l 27
c14l 28
c1a6 29
c1dl 0
c1f6 1
c2cl 2
c2gl 3
c32l 4
c3al 5
c3e6 6
c3fl 7
c4el 8
c4hl 9
c4rl 10
c4zl 11
c53l 12
c59l 13
c5i6 14
c5sl 15
c61l 16
c69l 17
c6dl 18
c7f6 19
c7il 20
c8nl 21
c9dl 22
c9kl 23
c9r6 24
c9yl 25
cbml 26
cc3l 27
ccfl 28
cchl 29
ce76 0
ceal 1
cezl 2
cfyl 3
cgdl 4
cgkl 5
cgr6 6
cgyl 7
chcl 8
chgl 9
ciyl 10
ck7l 11
ckr6 12
cl4l 13
cle6 14
clml 15
cm3l 16
cmfl 17
cmhl 18
cnel 19
cnhl 20
cnrl 21
cnzl 22
coel 23
cokl 24
corl 25
cp3l 26
cp9l 27
cpi6 28
cpsl 29
crf6 0
cril 1
cscl 2
csw6 3
ctl6 4
ctzl 5
cuml 6
cvml 7
cw3l 8
cwf6 9
cwi6 10
cwnl 11
cww6 12
cxzl 13
cycl 14
cyw6 15
cz76 16
czkl 17
czr6 18
czyl 19
s10l 20
s3h6 21
s5j6 22
s7j6 23
s9l6 24
sbc6 25
sdpl 26
sfpl 27
si06 28
sk2l 29
sm2l 0
so8l 1
sqh6 2
ssm6 3
supl 4
swv6 5
c0ml 6
c12l 7
c1al 8
c1e6 9
c1fl 10
c1v6 11
c21l 12
c29l 13
c2dl 14
c4nl 15
c5ml 16
c64l 17
c6e6 18
c6ml 19
c776 20
c7zl 21
c83l 22
c89l 23
c8i6 24
c8sl 25
c9el 26
c9hl 27
c9rl 28
c9zl 29
ca3l 0
cafl 1
cahl 2
cb7l 3
cbr6 4
cccl 5
ccgl 6
cdcl 7
cdw6 8
ceyl 9
cf3l 10
cffl 11
cfhl 12
cgel 13
cghl 14
cgrl 15
cgzl 16
ch9l 17
chdl 18
cifl 19
cihl 20
cjzl 21
ckf6 22
ckil 23
cl7l 24
clel 25
clkl 26
clrl 27
cmcl 28
cmgl 29
cnnl 0
cpml 1
cqzl 2
cr76 3
crzl 4
cs76 5
cskl 6
csr6 7
csyl 8
ct3l 9
ctf6 10
cti6 11
ctnl 12
ctw6 13
cu7l 14
cur6 15
cv7l 16
cvr6 17
cw76 18
cwfl 19
cwhl 20
cx3l 21
cxf6 22
cxi6 23
cxnl 24
cxw6 25
cy76 26
cykl 27
cyq6 28
cyyl 29
czel 0
czhl 1
czrl 2
czzl 3
s4c6 4
s8k6 5
scc6 6
sgpl 7
sl06 8
spc6 9
stpl 10
szbl 11
srl6 12
c07l 13
c0r6 14
c1h6 15
c24l 16
c2e6 17
c2ml 18
c3cl 19
c43l 20
c49l 21
c4i6 22
c4sl 23
c57l 24
c65l 25
c6el 26
c6kl 27
c6rl 28
c7al 29
c7yl 0
c8ml 1
c9a6 2
c9nl 3
cacl 4
cagl 5
cbf6 6
cbil 7
cc9l 8
cd76 9
cdkl 10
cdyl 11
cefl 12
cehl 13
cfcl 14
cfgl 15
cgnl 16
ch1l 17
che6 18
chml 19
cicl 20
cigl 21
ciul 22
cj3l 23
cjf6 24
cji6 25
cjnl 26
cjw6 27
ck76 28
ckzl 29
cm9l 0
cn3l 1
cn9l 2
cni6 3
cnsl 4
cozl 5
cp7l 6
cqf6 7
cqi6 8
cqnl 9
cqw6 10
cral 11
cryl 12
csel 13
cshl 14
csrl 15
cszl 16
ct76 17
ctfl 18
cthl 19
cuf6 20
cuil 21
cvf6 22
cvil 23
cwil 24
cx76 25
cxfl 26
cxhl 27
cyel 28
cyhl 29
cyr6 0
cyzl 1
cznl 2
s28l 3
sal6 4
sj06 5
svpl 6
sn2l 7
s6k6 8
c0f6 9
c0il 10
c1cl 11
c2el 12
c2kl 13
c2rl 14
c376 15
c38l 16
c3kl 17
c3yl 18
c4ml 19
c5f6 20
c5il 21
c67l 22
c7fl 23
c7hl 24
c87l 25
c92l 26
c99l 27
c9i6 28
c9sl 29
ca9l 0
cb76 1
cbzl 2
ccdl 3
ccml 4
cdel 5
cdr6 6
cdzl 7
cecl 8
cegl 9
cf9l 10
cg9l 11
cgi6 12
cgsl 13
chel 14
chkl 15
chrl 16
cj76 17
cjfl 18
cjhl 19
ckal 20
ckyl 21
clzl 22
cmdl 23
cmml 24
cnml 25
cof6 26
conl 27
cow6 28
cpf6 29
cpil 0
cq76 1
cqhl 2
cqpl 3
crfl 4
crhl 5
csnl 6
ctil 7
cu76 8
cuzl 9
cv76 10
cvzl 11
cwml 12
cxil 13
cy06 14
cynl 15
cz26 16
cz9l 17
czi6 18
czsl 19
sepl 20
czu6 21
c076 22
c0zl 23
c176 24
c1kl 25
c1yl 26
c27l 27
c3el 28
c3r6 29
c3zl 0
c47l 1
c576 2
c5zl 3
c6zl 4
c7cl 5
c7gl 6
c8f6 7
c8il 8
c93l 9
c9ml 10
cadl 11
caml 12
cbal 13
cbyl 14
cce6 15
cckl 16
ccrl 17
cdhl 18
cdnl 19
cfdl 20
cfml 21
cg3l 22
cgml 23
ch7l 24
cidl 25
ciml 26
cjil 27
ckfl 28
ckhl 29
clf6 0
clnl 1
clw6 2
cme6 3
cmkl 4
cmrl 5
cn7l 6
co76 7
coi6 8
cp76 9
cpzl 10
cqil 11
crcl 12
crgl 13
cs9l 14
csi6 15
cssl 16
ct8l 17
cual 18
cuyl 19
cval 20
cvyl 21
cwbl 22
cwdl 23
cwr6 24
cy9l 25
cyi6 26
cyrl 27
cz3l 28
czml 29
c0al 0
c0yl 1
c1el 2
c1r6 3
c1zl 4
c2zl 5
c3hl 6
c3nl 7
c4f6 8
c4il 9
c5al 10
c6f6 11
c6nl 12
c6w6 13
c876 14
c97l 15
cae6 16
cakl 17
carl 18
cbfl 19
cbhl 20
cc1l 21
cc7l 22
cd9l 23
cdrl 24
cedl 25
ceml 26
cfe6 27
cfkl 28
cfrl 29
cg7l 0
ch4l 1
chzl 2
cie6 3
cikl 4
cirl 5
ckcl 6
ckgl 7
cli6 8
cm1l 9
cm7l 10
cnf6 11
cnil 12
coil 13
cpal 14
cs3l 15
csml 16
ctbl 17
ctdl 18
ctr6 19
cufl 20
cvfl 21
cw7l 22
cwk6 23
cxbl 24
cxr6 25
cy3l 26
cyml 27
cz7l 28
c0fl 29
c1hl 0
c1nl 1
c2nl 2
c2w6 3
c39l 4
c476 5
c5fl 6
c6i6 7
c7dl 8
c8al 9
c9f6 10
c9il 11
ca7l 12
cbcl 13
cbgl 14
cc4l 15
cczl 16
cdi6 17
cdml 18
cee6 19
cekl 20
cerl 21
cf7l 22
cgf6 23
cgil 24
chnl 25
chw6 26
ci7l 27
cjbl 28
cjr6 29
clil 0
cm4l 1
cmzl 2
cn76 3
cpfl 4
cqbl 5
cqr6 6
crdl 7
cs7l 8
ct7l 9
cucl 10
cugl 11
cvcl 12
cvgl 13
cw9l 14
cwcl 15
cwsl 16
cx7l 17
cxdl 18
cy7l 19
cysl 20
czil 21
c0cl 22
c0gl 23
c19l 24
c2i6 25
c3i6 26
c3ml 27
c4al 28
c5gl 29
c6il 0
c7e6 1
c7kl 2
c7rl 3
c8fl 4
c976 5
ca1l 6
cazl 7
ccel 8
ccnl 9
ccw6 10
cd3l 11
cdsl 12
ce7l 13
cf1l 14
chi6 15
ci1l 16
cj7l 17
cjdl 18
cmel 19
cmnl 20
cmw6 21
cnal 22
cobl 23
cpgl 24
cre6 25
crkl 26
csil 27
ctcl 28
ctsl 29
cwgl 0
cxsl 1
cyil 2
c1i6 3
c1ml 4
c33l 5
c3sl 6
c4fl 7
c8gl 8
ca4l 9
canl 10
caw6 11
cci6 12
cd7l 13
ce1l 14
cf4l 15
cfnl 16
cfw6 17
ci4l 18
cinl 19
ciw6 20
cjsl 21
cke6 22
clbl 23
cmi6 24
cnfl 25
cor6 26
cqsl 27
crrl 28
ctgl 29
cwal 0
cxgl 1
czf6 2
c13l 3
c1sl 4
c37l 5
c4gl 6
c6bl 7
c71l 8
c9fl 9
cael 10
cbe6 11
cdil 12
cenl 13
cew6 14
cgfl 15
cjgl 16
ckrl 17
clr6 18
cngl 19
cosl 20
cqgl 21
cr1l 22
ctal 23
cue6 24
cve6 25
cw1l 26
cwyl 27
cxal 28
czfl 29
c0e6 0
c17l 1
c2bl 2
c3il 3
c5e6 4
c6r6 5
c7nl 6
c7w6 7
c9gl 8
cbrl 9
ce4l 10
cfel 11
cggl 12
ciel 13
cjal 14
ck1l 15
clsl 16
cpe6 17
crw6 18
ct1l 19
ctyl 20
cwe6 21
cxyl 22
czgl 23
c1il 24
c6sl 25
c74l 26
cai6 27
cb1l 28
ceel 29
cfi6 0
cjyl 1
ckw6 2
cqal 3
cr4l 4
csfl 5
cu1l 6
cv1l 7
cx1l 8
c01l 9
c2r6 10
c51l 11
c7el 12
cbw6 13
chr6 14
ck4l 15
coal 16
cp1l 17
cqyl 18
cte6 19
cuw6 20
cxe6 21
c2sl 22
c81l 23
cb4l 24
ccr6 25
chsl 26
clal 27
coyl 28
crel 29
ctk6 0
c41l 1
c6al 2
ccsl 3
ckel 4
clyl 5
cn1l 6
cu4l 7
cv4l 8
cyfl 9
c04l 10
c54l 11
c91l 12
cbel 13
cg1l 14
cmsl 15
cp4l 16
cuel 17
c3w6 18
c6yl 19
c84l 20
cvel 21
c0el 22
c44l 23
casl 24
cfsl 25
cisl 26
cn4l 27
c2yl 28
cesl 29
chyl 0
c7sl 1
chbl 2
crsl 3
ccyl 4
cksl 5
cmyl 6
